2013-01-02 15:13:47,001 INFO [JavaFX Application Thread] e.a.l.p.AnchorPaneAndControler [AnchorPaneAndControler.java:51] Initialisation du binding avec le modele
2013-01-02 15:14:14,349 INFO [JavaFX Application Thread] e.a.l.p.AnchorPaneAndControler [AnchorPaneAndControler.java:88] Action sur le bouton Annuler
2013-01-02 15:23:40,836 INFO [JavaFX Application Thread] e.a.l.p.AnchorPaneAndControler [AnchorPaneAndControler.java:55] Initialisation du binding avec le modele
2013-01-02 15:25:29,948 INFO [JavaFX Application Thread] e.a.l.p.AnchorPaneAndControler [AnchorPaneAndControler.java:55] Initialisation du binding avec le modele
2013-01-02 15:26:18,717 INFO [JavaFX Application Thread] e.a.l.p.AnchorPaneAndControler [AnchorPaneAndControler.java:55] Initialisation du binding avec le modele
2013-01-02 15:27:33,931 INFO [JavaFX Application Thread] e.a.l.p.AnchorPaneAndControler [AnchorPaneAndControler.java:55] Initialisation du binding avec le modele
2013-01-02 15:28:00,770 INFO [JavaFX Application Thread] e.a.l.p.AnchorPaneAndControler [AnchorPaneAndControler.java:55] Initialisation du binding avec le modele
2013-01-02 15:28:21,240 INFO [JavaFX Application Thread] e.a.l.p.AnchorPaneAndControler [AnchorPaneAndControler.java:55] Initialisation du binding avec le modele
2013-01-02 15:34:23,381 INFO [JavaFX Application Thread] e.a.l.p.AnchorPaneAndControler [AnchorPaneAndControler.java:55] Initialisation du binding avec le modele
2013-01-02 15:34:25,960 DEBUG [JavaFX Application Thread] e.a.l.p.InputMaskChecker [InputMaskChecker.java:49] valeur de valide %1
2013-01-02 15:34:27,214 DEBUG [JavaFX Application Thread] e.a.l.p.InputMaskChecker [InputMaskChecker.java:49] valeur de valide %1
2013-01-02 15:34:27,558 DEBUG [JavaFX Application Thread] e.a.l.p.InputMaskChecker [InputMaskChecker.java:49] valeur de valide %1
2013-01-02 15:34:29,535 INFO [JavaFX Application Thread] e.a.l.p.AnchorPaneAndControler [AnchorPaneAndControler.java:94] Action sur le bouton Annuler
2013-01-02 15:35:46,639 INFO [JavaFX Application Thread] e.a.l.p.AnchorPaneAndControler [AnchorPaneAndControler.java:55] Initialisation du binding avec le modele
2013-01-02 15:35:49,456 DEBUG [JavaFX Application Thread] e.a.l.p.InputMaskChecker [InputMaskChecker.java:49] valeur de valide BooleanProperty [value: false]
2013-01-02 15:35:51,564 DEBUG [JavaFX Application Thread] e.a.l.p.InputMaskChecker [InputMaskChecker.java:49] valeur de valide BooleanProperty [value: false]
2013-01-02 15:35:52,229 DEBUG [JavaFX Application Thread] e.a.l.p.InputMaskChecker [InputMaskChecker.java:49] valeur de valide BooleanProperty [value: false]
2013-01-02 15:35:52,845 DEBUG [JavaFX Application Thread] e.a.l.p.InputMaskChecker [InputMaskChecker.java:49] valeur de valide BooleanProperty [value: false]
2013-01-02 15:35:54,444 DEBUG [JavaFX Application Thread] e.a.l.p.InputMaskChecker [InputMaskChecker.java:49] valeur de valide BooleanProperty [value: false]
2013-01-02 15:35:54,837 DEBUG [JavaFX Application Thread] e.a.l.p.InputMaskChecker [InputMaskChecker.java:49] valeur de valide BooleanProperty [value: false]
2013-01-02 15:35:55,101 DEBUG [JavaFX Application Thread] e.a.l.p.InputMaskChecker [InputMaskChecker.java:49] valeur de valide BooleanProperty [value: false]
2013-01-02 15:35:56,311 INFO [JavaFX Application Thread] e.a.l.p.AnchorPaneAndControler [AnchorPaneAndControler.java:94] Action sur le bouton Annuler
2013-01-02 15:39:05,033 INFO [JavaFX Application Thread] e.a.l.p.AnchorPaneAndControler [AnchorPaneAndControler.java:55] Initialisation du binding avec le modele
2013-01-02 15:39:06,892 DEBUG [JavaFX Application Thread] e.a.l.p.InputMaskChecker [InputMaskChecker.java:49] valeur de valide BooleanProperty [value: false]
2013-01-02 15:39:07,234 DEBUG [JavaFX Application Thread] e.a.l.p.InputMaskChecker [InputMaskChecker.java:49] valeur de valide BooleanProperty [value: false]
2013-01-02 15:39:17,290 DEBUG [JavaFX Application Thread] e.a.l.p.InputMaskChecker [InputMaskChecker.java:49] valeur de valide BooleanProperty [value: false]
2013-01-02 15:39:17,539 DEBUG [JavaFX Application Thread] e.a.l.p.InputMaskChecker [InputMaskChecker.java:49] valeur de valide BooleanProperty [value: false]
2013-01-02 15:39:17,802 DEBUG [JavaFX Application Thread] e.a.l.p.InputMaskChecker [InputMaskChecker.java:49] valeur de valide BooleanProperty [value: false]
2013-01-02 15:39:18,089 DEBUG [JavaFX Application Thread] e.a.l.p.InputMaskChecker [InputMaskChecker.java:49] valeur de valide BooleanProperty [value: false]
2013-01-02 15:39:18,314 DEBUG [JavaFX Application Thread] e.a.l.p.InputMaskChecker [InputMaskChecker.java:49] valeur de valide BooleanProperty [value: false]
2013-01-02 15:39:57,814 INFO [JavaFX Application Thread] e.a.l.p.AnchorPaneAndControler [AnchorPaneAndControler.java:55] Initialisation du binding avec le modele
2013-01-02 15:40:00,413 DEBUG [JavaFX Application Thread] e.a.l.p.InputMaskChecker [InputMaskChecker.java:49] valeur de valide BooleanProperty [value: false]
2013-01-02 15:40:00,414 DEBUG [JavaFX Application Thread] e.a.l.p.InputMaskChecker [InputMaskChecker.java:50] match mask true
2013-01-02 15:40:22,273 DEBUG [JavaFX Application Thread] e.a.l.p.InputMaskChecker [InputMaskChecker.java:49] valeur de valide BooleanProperty [value: false]
2013-01-02 15:40:22,274 DEBUG [JavaFX Application Thread] e.a.l.p.InputMaskChecker [InputMaskChecker.java:50] match mask true
2013-01-02 15:42:11,556 INFO [JavaFX Application Thread] e.a.l.p.AnchorPaneAndControler [AnchorPaneAndControler.java:55] Initialisation du binding avec le modele
2013-01-02 15:42:12,707 DEBUG [JavaFX Application Thread] e.a.l.p.InputMaskChecker [InputMaskChecker.java:49] valeur de valide BooleanProperty [value: false]
2013-01-02 15:42:12,707 DEBUG [JavaFX Application Thread] e.a.l.p.InputMaskChecker [InputMaskChecker.java:50] match mask true
2013-01-02 15:42:12,708 DEBUG [JavaFX Application Thread] e.a.l.p.InputMaskChecker [InputMaskChecker.java:51] match length false
2013-01-02 15:42:19,936 DEBUG [JavaFX Application Thread] e.a.l.p.InputMaskChecker [InputMaskChecker.java:49] valeur de valide BooleanProperty [value: false]
2013-01-02 15:42:19,937 DEBUG [JavaFX Application Thread] e.a.l.p.InputMaskChecker [InputMaskChecker.java:50] match mask true
2013-01-02 15:42:19,937 DEBUG [JavaFX Application Thread] e.a.l.p.InputMaskChecker [InputMaskChecker.java:51] match length false
2013-01-02 15:42:20,576 DEBUG [JavaFX Application Thread] e.a.l.p.InputMaskChecker [InputMaskChecker.java:49] valeur de valide BooleanProperty [value: false]
2013-01-02 15:42:20,576 DEBUG [JavaFX Application Thread] e.a.l.p.InputMaskChecker [InputMaskChecker.java:50] match mask true
2013-01-02 15:42:20,577 DEBUG [JavaFX Application Thread] e.a.l.p.InputMaskChecker [InputMaskChecker.java:51] match length false
2013-01-02 15:42:22,335 INFO [JavaFX Application Thread] e.a.l.p.AnchorPaneAndControler [AnchorPaneAndControler.java:94] Action sur le bouton Annuler
2013-01-02 15:43:22,082 INFO [JavaFX Application Thread] e.a.l.p.AnchorPaneAndControler [AnchorPaneAndControler.java:55] Initialisation du binding avec le modele
2013-01-02 15:43:23,309 DEBUG [JavaFX Application Thread] e.a.l.p.InputMaskChecker [InputMaskChecker.java:49] valeur de valide BooleanProperty [value: true]
2013-01-02 15:43:23,310 DEBUG [JavaFX Application Thread] e.a.l.p.InputMaskChecker [InputMaskChecker.java:50] match mask true
2013-01-02 15:43:23,310 DEBUG [JavaFX Application Thread] e.a.l.p.InputMaskChecker [InputMaskChecker.java:51] match length false
2013-01-02 15:43:32,430 INFO [JavaFX Application Thread] e.a.l.p.AnchorPaneAndControler [AnchorPaneAndControler.java:94] Action sur le bouton Annuler
2013-01-02 15:44:33,619 INFO [JavaFX Application Thread] e.a.l.p.AnchorPaneAndControler [AnchorPaneAndControler.java:55] Initialisation du binding avec le modele
2013-01-02 15:44:35,676 DEBUG [JavaFX Application Thread] e.a.l.p.InputMaskChecker [InputMaskChecker.java:49] valeur de valide BooleanProperty [value: true]
2013-01-02 15:44:35,676 DEBUG [JavaFX Application Thread] e.a.l.p.InputMaskChecker [InputMaskChecker.java:50] match mask true
2013-01-02 15:44:35,677 DEBUG [JavaFX Application Thread] e.a.l.p.InputMaskChecker [InputMaskChecker.java:51] match length false
2013-01-02 15:44:35,872 DEBUG [JavaFX Application Thread] e.a.l.p.InputMaskChecker [InputMaskChecker.java:49] valeur de valide BooleanProperty [value: true]
2013-01-02 15:44:35,873 DEBUG [JavaFX Application Thread] e.a.l.p.InputMaskChecker [InputMaskChecker.java:50] match mask true
2013-01-02 15:44:35,873 DEBUG [JavaFX Application Thread] e.a.l.p.InputMaskChecker [InputMaskChecker.java:51] match length false
2013-01-02 15:44:36,015 DEBUG [JavaFX Application Thread] e.a.l.p.InputMaskChecker [InputMaskChecker.java:49] valeur de valide BooleanProperty [value: true]
2013-01-02 15:44:36,015 DEBUG [JavaFX Application Thread] e.a.l.p.InputMaskChecker [InputMaskChecker.java:50] match mask true
2013-01-02 15:44:36,016 DEBUG [JavaFX Application Thread] e.a.l.p.InputMaskChecker [InputMaskChecker.java:51] match length false
2013-01-02 15:47:52,049 INFO [JavaFX Application Thread] e.a.l.p.AnchorPaneAndControler [AnchorPaneAndControler.java:55] Initialisation du binding avec le modele
2013-01-02 15:47:53,910 DEBUG [JavaFX Application Thread] e.a.l.p.InputMaskChecker [InputMaskChecker.java:49] valeur de valide BooleanProperty [value: true]
2013-01-02 15:47:53,910 DEBUG [JavaFX Application Thread] e.a.l.p.InputMaskChecker [InputMaskChecker.java:50] match mask true
2013-01-02 15:47:53,911 DEBUG [JavaFX Application Thread] e.a.l.p.InputMaskChecker [InputMaskChecker.java:51] match length false
2013-01-02 15:47:53,911 DEBUG [JavaFX Application Thread] e.a.l.p.InputMaskChecker [InputMaskChecker.java:52] match length true
2013-01-02 15:47:53,911 DEBUG [JavaFX Application Thread] e.a.l.p.InputMaskChecker [InputMaskChecker.java:53] match length false
2013-01-02 15:47:54,116 DEBUG [JavaFX Application Thread] e.a.l.p.InputMaskChecker [InputMaskChecker.java:49] valeur de valide BooleanProperty [value: true]
2013-01-02 15:47:54,117 DEBUG [JavaFX Application Thread] e.a.l.p.InputMaskChecker [InputMaskChecker.java:50] match mask true
2013-01-02 15:47:54,117 DEBUG [JavaFX Application Thread] e.a.l.p.InputMaskChecker [InputMaskChecker.java:51] match length false
2013-01-02 15:47:54,118 DEBUG [JavaFX Application Thread] e.a.l.p.InputMaskChecker [InputMaskChecker.java:52] match length true
2013-01-02 15:47:54,118 DEBUG [JavaFX Application Thread] e.a.l.p.InputMaskChecker [InputMaskChecker.java:53] match length false
2013-01-02 15:48:03,915 INFO [JavaFX Application Thread] e.a.l.p.AnchorPaneAndControler [AnchorPaneAndControler.java:94] Action sur le bouton Annuler
2013-01-02 15:48:30,701 INFO [JavaFX Application Thread] e.a.l.p.AnchorPaneAndControler [AnchorPaneAndControler.java:55] Initialisation du binding avec le modele
2013-01-02 15:48:32,230 DEBUG [JavaFX Application Thread] e.a.l.p.InputMaskChecker [InputMaskChecker.java:49] valeur de valide BooleanProperty [value: true]
2013-01-02 15:48:32,231 DEBUG [JavaFX Application Thread] e.a.l.p.InputMaskChecker [InputMaskChecker.java:50] match mask true
2013-01-02 15:48:32,232 DEBUG [JavaFX Application Thread] e.a.l.p.InputMaskChecker [InputMaskChecker.java:51] match length false
2013-01-02 15:48:32,232 DEBUG [JavaFX Application Thread] e.a.l.p.InputMaskChecker [InputMaskChecker.java:52] match length true
2013-01-02 15:48:32,233 DEBUG [JavaFX Application Thread] e.a.l.p.InputMaskChecker [InputMaskChecker.java:53] match length true
2013-01-02 15:48:32,233 DEBUG [JavaFX Application Thread] e.a.l.p.InputMaskChecker [InputMaskChecker.java:54] match length 1
2013-01-02 15:48:46,769 INFO [JavaFX Application Thread] e.a.l.p.AnchorPaneAndControler [AnchorPaneAndControler.java:94] Action sur le bouton Annuler
2013-01-02 15:48:59,810 INFO [JavaFX Application Thread] e.a.l.p.AnchorPaneAndControler [AnchorPaneAndControler.java:55] Initialisation du binding avec le modele
2013-01-02 15:49:06,950 DEBUG [JavaFX Application Thread] e.a.l.p.InputMaskChecker [InputMaskChecker.java:49] valeur de valide BooleanProperty [value: true]
2013-01-02 15:49:06,951 DEBUG [JavaFX Application Thread] e.a.l.p.InputMaskChecker [InputMaskChecker.java:50] match mask true
2013-01-02 15:49:44,513 DEBUG [JavaFX Application Thread] e.a.l.p.InputMaskChecker [InputMaskChecker.java:51] match length false
2013-01-02 15:50:21,698 DEBUG [JavaFX Application Thread] e.a.l.p.InputMaskChecker [InputMaskChecker.java:49] valeur de valide BooleanProperty [value: true]
2013-01-02 15:50:21,698 DEBUG [JavaFX Application Thread] e.a.l.p.InputMaskChecker [InputMaskChecker.java:50] match mask true
2013-01-02 15:50:30,587 DEBUG [JavaFX Application Thread] e.a.l.p.InputMaskChecker [InputMaskChecker.java:51] match length true
2013-01-02 15:50:51,584 DEBUG [JavaFX Application Thread] e.a.l.p.InputMaskChecker [InputMaskChecker.java:52] match length true
2013-01-02 15:50:51,584 DEBUG [JavaFX Application Thread] e.a.l.p.InputMaskChecker [InputMaskChecker.java:53] match length true
2013-01-02 15:50:51,584 DEBUG [JavaFX Application Thread] e.a.l.p.InputMaskChecker [InputMaskChecker.java:54] match length 1
2013-01-02 15:51:11,995 DEBUG [JavaFX Application Thread] e.a.l.p.InputMaskChecker [InputMaskChecker.java:49] valeur de valide BooleanProperty [value: true]
2013-01-02 15:51:11,995 DEBUG [JavaFX Application Thread] e.a.l.p.InputMaskChecker [InputMaskChecker.java:50] match mask true
2013-01-02 15:51:15,943 DEBUG [JavaFX Application Thread] e.a.l.p.InputMaskChecker [InputMaskChecker.java:51] match length true
2013-01-02 15:51:16,410 DEBUG [JavaFX Application Thread] e.a.l.p.InputMaskChecker [InputMaskChecker.java:52] match length true
2013-01-02 15:51:16,840 DEBUG [JavaFX Application Thread] e.a.l.p.InputMaskChecker [InputMaskChecker.java:53] match length true
2013-01-02 15:51:17,574 DEBUG [JavaFX Application Thread] e.a.l.p.InputMaskChecker [InputMaskChecker.java:54] match length 2
2013-01-02 15:52:00,663 INFO [JavaFX Application Thread] e.a.l.p.AnchorPaneAndControler [AnchorPaneAndControler.java:55] Initialisation du binding avec le modele
2013-01-02 15:52:02,347 DEBUG [JavaFX Application Thread] e.a.l.p.InputMaskChecker [InputMaskChecker.java:49] valeur de valide BooleanProperty [value: true]
2013-01-02 15:52:02,529 DEBUG [JavaFX Application Thread] e.a.l.p.InputMaskChecker [InputMaskChecker.java:49] valeur de valide BooleanProperty [value: true]
2013-01-02 15:52:02,673 DEBUG [JavaFX Application Thread] e.a.l.p.InputMaskChecker [InputMaskChecker.java:49] valeur de valide BooleanProperty [value: true]
2013-01-02 15:52:04,322 DEBUG [JavaFX Application Thread] e.a.l.p.InputMaskChecker [InputMaskChecker.java:49] valeur de valide BooleanProperty [value: false]
2013-01-02 15:52:06,065 DEBUG [JavaFX Application Thread] e.a.l.p.InputMaskChecker [InputMaskChecker.java:49] valeur de valide BooleanProperty [value: false]
2013-01-02 15:52:06,370 DEBUG [JavaFX Application Thread] e.a.l.p.InputMaskChecker [InputMaskChecker.java:49] valeur de valide BooleanProperty [value: false]
2013-01-02 15:52:07,976 DEBUG [JavaFX Application Thread] e.a.l.p.InputMaskChecker [InputMaskChecker.java:49] valeur de valide BooleanProperty [value: false]
2013-01-02 15:52:08,129 DEBUG [JavaFX Application Thread] e.a.l.p.InputMaskChecker [InputMaskChecker.java:49] valeur de valide BooleanProperty [value: false]
2013-01-02 15:52:08,273 DEBUG [JavaFX Application Thread] e.a.l.p.InputMaskChecker [InputMaskChecker.java:49] valeur de valide BooleanProperty [value: true]
2013-01-02 15:52:10,065 DEBUG [JavaFX Application Thread] e.a.l.p.InputMaskChecker [InputMaskChecker.java:49] valeur de valide BooleanProperty [value: true]
2013-01-02 15:52:10,266 DEBUG [JavaFX Application Thread] e.a.l.p.InputMaskChecker [InputMaskChecker.java:49] valeur de valide BooleanProperty [value: true]
2013-01-02 15:52:10,409 DEBUG [JavaFX Application Thread] e.a.l.p.InputMaskChecker [InputMaskChecker.java:49] valeur de valide BooleanProperty [value: true]
2013-01-02 15:52:12,569 DEBUG [JavaFX Application Thread] e.a.l.p.InputMaskChecker [InputMaskChecker.java:49] valeur de valide BooleanProperty [value: false]
2013-01-02 15:52:14,234 DEBUG [JavaFX Application Thread] e.a.l.p.InputMaskChecker [InputMaskChecker.java:49] valeur de valide BooleanProperty [value: false]
2013-01-02 15:52:14,569 DEBUG [JavaFX Application Thread] e.a.l.p.InputMaskChecker [InputMaskChecker.java:49] valeur de valide BooleanProperty [value: false]
2013-01-02 15:52:15,777 DEBUG [JavaFX Application Thread] e.a.l.p.InputMaskChecker [InputMaskChecker.java:49] valeur de valide BooleanProperty [value: false]
2013-01-02 15:52:15,936 DEBUG [JavaFX Application Thread] e.a.l.p.InputMaskChecker [InputMaskChecker.java:49] valeur de valide BooleanProperty [value: false]
2013-01-02 15:52:16,065 DEBUG [JavaFX Application Thread] e.a.l.p.InputMaskChecker [InputMaskChecker.java:49] valeur de valide BooleanProperty [value: true]
2013-01-02 15:52:16,193 DEBUG [JavaFX Application Thread] e.a.l.p.InputMaskChecker [InputMaskChecker.java:49] valeur de valide BooleanProperty [value: true]
2013-01-02 15:52:16,322 DEBUG [JavaFX Application Thread] e.a.l.p.InputMaskChecker [InputMaskChecker.java:49] valeur de valide BooleanProperty [value: true]
2013-01-02 15:52:16,473 DEBUG [JavaFX Application Thread] e.a.l.p.InputMaskChecker [InputMaskChecker.java:49] valeur de valide BooleanProperty [value: false]
2013-01-02 15:58:13,001 INFO [JavaFX Application Thread] e.a.l.p.AnchorPaneAndControler [AnchorPaneAndControler.java:55] Initialisation du binding avec le modele
2013-01-02 15:58:13,001 INFO [JavaFX Application Thread] e.a.l.p.AnchorPaneAndControler [AnchorPaneAndControler.java:55] Initialisation du binding avec le modele
2013-01-02 15:58:15,476 INFO [JavaFX Application Thread] e.a.l.p.AnchorPaneAndControler [AnchorPaneAndControler.java:94] Action sur le bouton Annuler
2013-01-02 15:58:40,950 INFO [JavaFX Application Thread] e.a.l.p.AnchorPaneAndControler [AnchorPaneAndControler.java:55] Initialisation du binding avec le modele
2013-01-02 15:59:01,355 INFO [JavaFX Application Thread] e.a.l.p.AnchorPaneAndControler [AnchorPaneAndControler.java:55] Initialisation du binding avec le modele
2013-01-02 15:59:07,351 DEBUG [JavaFX Application Thread] e.a.l.p.InputMaskChecker [InputMaskChecker.java:49] valeur de valide BooleanProperty [value: false]
2013-01-02 15:59:07,516 DEBUG [JavaFX Application Thread] e.a.l.p.InputMaskChecker [InputMaskChecker.java:49] valeur de valide BooleanProperty [value: false]
2013-01-02 15:59:07,661 DEBUG [JavaFX Application Thread] e.a.l.p.InputMaskChecker [InputMaskChecker.java:49] valeur de valide BooleanProperty [value: false]
2013-01-02 15:59:08,996 DEBUG [JavaFX Application Thread] e.a.l.p.InputMaskChecker [InputMaskChecker.java:49] valeur de valide BooleanProperty [value: false]
2013-01-02 15:59:09,157 DEBUG [JavaFX Application Thread] e.a.l.p.InputMaskChecker [InputMaskChecker.java:49] valeur de valide BooleanProperty [value: false]
2013-01-02 15:59:09,309 DEBUG [JavaFX Application Thread] e.a.l.p.InputMaskChecker [InputMaskChecker.java:49] valeur de valide BooleanProperty [value: false]
2013-01-02 16:00:19,338 INFO [JavaFX Application Thread] e.a.l.p.AnchorPaneAndControler [AnchorPaneAndControler.java:55] Initialisation du binding avec le modele
2013-01-02 16:00:57,344 INFO [JavaFX Application Thread] e.a.l.p.AnchorPaneAndControler [AnchorPaneAndControler.java:55] Initialisation du binding avec le modele
2013-01-02 16:01:11,368 INFO [JavaFX Application Thread] e.a.l.p.AnchorPaneAndControler [AnchorPaneAndControler.java:55] Initialisation du binding avec le modele
2013-01-02 16:01:22,826 DEBUG [JavaFX Application Thread] e.a.l.p.InputMaskChecker [InputMaskChecker.java:49] valeur de valide BooleanProperty [value: false]
2013-01-02 16:01:23,066 DEBUG [JavaFX Application Thread] e.a.l.p.InputMaskChecker [InputMaskChecker.java:49] valeur de valide BooleanProperty [value: false]
2013-01-02 16:01:23,250 DEBUG [JavaFX Application Thread] e.a.l.p.InputMaskChecker [InputMaskChecker.java:49] valeur de valide BooleanProperty [value: false]
2013-01-02 16:01:24,315 DEBUG [JavaFX Application Thread] e.a.l.p.InputMaskChecker [InputMaskChecker.java:49] valeur de valide BooleanProperty [value: false]
2013-01-02 16:01:24,586 DEBUG [JavaFX Application Thread] e.a.l.p.InputMaskChecker [InputMaskChecker.java:49] valeur de valide BooleanProperty [value: false]
2013-01-02 16:01:25,787 DEBUG [JavaFX Application Thread] e.a.l.p.InputMaskChecker [InputMaskChecker.java:49] valeur de valide BooleanProperty [value: false]
2013-01-02 16:01:26,019 DEBUG [JavaFX Application Thread] e.a.l.p.InputMaskChecker [InputMaskChecker.java:49] valeur de valide BooleanProperty [value: false]
2013-01-02 16:01:26,195 DEBUG [JavaFX Application Thread] e.a.l.p.InputMaskChecker [InputMaskChecker.java:49] valeur de valide BooleanProperty [value: false]
2013-01-02 16:01:26,363 DEBUG [JavaFX Application Thread] e.a.l.p.InputMaskChecker [InputMaskChecker.java:49] valeur de valide BooleanProperty [value: false]
2013-01-02 16:01:26,547 DEBUG [JavaFX Application Thread] e.a.l.p.InputMaskChecker [InputMaskChecker.java:49] valeur de valide BooleanProperty [value: false]
2013-01-02 16:01:30,843 DEBUG [JavaFX Application Thread] e.a.l.p.InputMaskChecker [InputMaskChecker.java:49] valeur de valide BooleanProperty [value: false]
2013-01-02 16:01:31,099 DEBUG [JavaFX Application Thread] e.a.l.p.InputMaskChecker [InputMaskChecker.java:49] valeur de valide BooleanProperty [value: false]
2013-01-02 16:01:31,354 DEBUG [JavaFX Application Thread] e.a.l.p.InputMaskChecker [InputMaskChecker.java:49] valeur de valide BooleanProperty [value: false]
2013-01-02 16:01:32,019 DEBUG [JavaFX Application Thread] e.a.l.p.InputMaskChecker [InputMaskChecker.java:49] valeur de valide BooleanProperty [value: false]
2013-01-02 16:01:32,650 DEBUG [JavaFX Application Thread] e.a.l.p.InputMaskChecker [InputMaskChecker.java:49] valeur de valide BooleanProperty [value: false]
2013-01-02 16:01:34,706 DEBUG [JavaFX Application Thread] e.a.l.p.InputMaskChecker [InputMaskChecker.java:49] valeur de valide BooleanProperty [value: false]
2013-01-02 16:01:35,208 DEBUG [JavaFX Application Thread] e.a.l.p.InputMaskChecker [InputMaskChecker.java:49] valeur de valide BooleanProperty [value: false]
2013-01-02 16:01:35,240 DEBUG [JavaFX Application Thread] e.a.l.p.InputMaskChecker [InputMaskChecker.java:49] valeur de valide BooleanProperty [value: false]
2013-01-02 16:01:35,273 DEBUG [JavaFX Application Thread] e.a.l.p.InputMaskChecker [InputMaskChecker.java:49] valeur de valide BooleanProperty [value: false]
2013-01-02 16:01:35,306 DEBUG [JavaFX Application Thread] e.a.l.p.InputMaskChecker [InputMaskChecker.java:49] valeur de valide BooleanProperty [value: false]
2013-01-02 16:01:35,339 DEBUG [JavaFX Application Thread] e.a.l.p.InputMaskChecker [InputMaskChecker.java:49] valeur de valide BooleanProperty [value: false]
2013-01-02 16:01:35,372 DEBUG [JavaFX Application Thread] e.a.l.p.InputMaskChecker [InputMaskChecker.java:49] valeur de valide BooleanProperty [value: false]
2013-01-02 16:01:35,406 DEBUG [JavaFX Application Thread] e.a.l.p.InputMaskChecker [InputMaskChecker.java:49] valeur de valide BooleanProperty [value: false]
2013-01-02 16:01:35,439 DEBUG [JavaFX Application Thread] e.a.l.p.InputMaskChecker [InputMaskChecker.java:49] valeur de valide BooleanProperty [value: false]
2013-01-02 16:01:35,471 DEBUG [JavaFX Application Thread] e.a.l.p.InputMaskChecker [InputMaskChecker.java:49] valeur de valide BooleanProperty [value: false]
2013-01-02 16:01:35,938 DEBUG [JavaFX Application Thread] e.a.l.p.InputMaskChecker [InputMaskChecker.java:49] valeur de valide BooleanProperty [value: false]
2013-01-02 16:01:36,339 DEBUG [JavaFX Application Thread] e.a.l.p.InputMaskChecker [InputMaskChecker.java:49] valeur de valide BooleanProperty [value: false]
2013-01-02 16:01:36,395 DEBUG [JavaFX Application Thread] e.a.l.p.InputMaskChecker [InputMaskChecker.java:49] valeur de valide BooleanProperty [value: false]
2013-01-02 16:01:37,275 DEBUG [JavaFX Application Thread] e.a.l.p.InputMaskChecker [InputMaskChecker.java:49] valeur de valide BooleanProperty [value: false]
2013-01-02 16:01:37,355 DEBUG [JavaFX Application Thread] e.a.l.p.InputMaskChecker [InputMaskChecker.java:49] valeur de valide BooleanProperty [value: false]
2013-01-02 16:01:37,995 DEBUG [JavaFX Application Thread] e.a.l.p.InputMaskChecker [InputMaskChecker.java:49] valeur de valide BooleanProperty [value: false]
2013-01-02 16:01:38,019 DEBUG [JavaFX Application Thread] e.a.l.p.InputMaskChecker [InputMaskChecker.java:49] valeur de valide BooleanProperty [value: false]
2013-01-02 16:01:38,619 DEBUG [JavaFX Application Thread] e.a.l.p.InputMaskChecker [InputMaskChecker.java:49] valeur de valide BooleanProperty [value: false]
2013-01-02 16:01:40,443 DEBUG [JavaFX Application Thread] e.a.l.p.InputMaskChecker [InputMaskChecker.java:49] valeur de valide BooleanProperty [value: false]
2013-01-02 16:01:41,466 DEBUG [JavaFX Application Thread] e.a.l.p.InputMaskChecker [InputMaskChecker.java:49] valeur de valide BooleanProperty [value: false]
2013-01-02 16:01:42,234 DEBUG [JavaFX Application Thread] e.a.l.p.InputMaskChecker [InputMaskChecker.java:49] valeur de valide BooleanProperty [value: false]
2013-01-02 16:01:44,763 INFO [JavaFX Application Thread] e.a.l.p.AnchorPaneAndControler [AnchorPaneAndControler.java:94] Action sur le bouton Annuler
2013-01-02 16:02:41,925 INFO [JavaFX Application Thread] e.a.l.p.AnchorPaneAndControler [AnchorPaneAndControler.java:55] Initialisation du binding avec le modele
2013-01-02 16:02:43,874 DEBUG [JavaFX Application Thread] e.a.l.p.InputMaskChecker [InputMaskChecker.java:50] valeur de valide BooleanProperty [value: true]
2013-01-02 16:02:44,258 DEBUG [JavaFX Application Thread] e.a.l.p.InputMaskChecker [InputMaskChecker.java:50] valeur de valide BooleanProperty [value: true]
2013-01-02 16:02:46,866 DEBUG [JavaFX Application Thread] e.a.l.p.InputMaskChecker [InputMaskChecker.java:50] valeur de valide BooleanProperty [value: true]
2013-01-02 16:02:47,586 DEBUG [JavaFX Application Thread] e.a.l.p.InputMaskChecker [InputMaskChecker.java:50] valeur de valide BooleanProperty [value: true]
2013-01-02 16:02:49,899 DEBUG [JavaFX Application Thread] e.a.l.p.InputMaskChecker [InputMaskChecker.java:50] valeur de valide BooleanProperty [value: false]
2013-01-02 16:02:52,691 DEBUG [JavaFX Application Thread] e.a.l.p.InputMaskChecker [InputMaskChecker.java:50] valeur de valide BooleanProperty [value: true]
2013-01-02 16:02:53,034 DEBUG [JavaFX Application Thread] e.a.l.p.InputMaskChecker [InputMaskChecker.java:50] valeur de valide BooleanProperty [value: true]
2013-01-02 16:02:53,242 DEBUG [JavaFX Application Thread] e.a.l.p.InputMaskChecker [InputMaskChecker.java:50] valeur de valide BooleanProperty [value: true]
2013-01-02 16:02:54,173 INFO [JavaFX Application Thread] e.a.l.p.AnchorPaneAndControler [AnchorPaneAndControler.java:94] Action sur le bouton Annuler
2013-01-02 16:03:38,231 INFO [JavaFX Application Thread] e.a.l.p.AnchorPaneAndControler [AnchorPaneAndControler.java:55] Initialisation du binding avec le modele
2013-01-02 16:03:40,925 DEBUG [JavaFX Application Thread] e.a.l.p.InputMaskChecker [InputMaskChecker.java:50] valeur de valide BooleanProperty [value: true]
2013-01-02 16:03:42,449 DEBUG [JavaFX Application Thread] e.a.l.p.InputMaskChecker [InputMaskChecker.java:50] valeur de valide BooleanProperty [value: true]
2013-01-02 16:03:47,070 INFO [JavaFX Application Thread] e.a.l.p.AnchorPaneAndControler [AnchorPaneAndControler.java:80] Action sur le bouton OK pour le login : e
2013-01-02 16:03:48,912 INFO [JavaFX Application Thread] e.a.l.p.AnchorPaneAndControler [AnchorPaneAndControler.java:80] Action sur le bouton OK pour le login : e
2013-01-02 16:03:50,216 INFO [JavaFX Application Thread] e.a.l.p.AnchorPaneAndControler [AnchorPaneAndControler.java:80] Action sur le bouton OK pour le login : e
2013-01-02 16:03:51,456 INFO [JavaFX Application Thread] e.a.l.p.AnchorPaneAndControler [AnchorPaneAndControler.java:80] Action sur le bouton OK pour le login : e
2013-01-02 16:03:52,865 DEBUG [JavaFX Application Thread] e.a.l.p.InputMaskChecker [InputMaskChecker.java:50] valeur de valide BooleanProperty [value: true]
2013-01-02 16:03:53,177 DEBUG [JavaFX Application Thread] e.a.l.p.InputMaskChecker [InputMaskChecker.java:50] valeur de valide BooleanProperty [value: true]
2013-01-02 16:03:53,393 DEBUG [JavaFX Application Thread] e.a.l.p.InputMaskChecker [InputMaskChecker.java:50] valeur de valide BooleanProperty [value: true]
2013-01-02 16:03:54,070 INFO [JavaFX Application Thread] e.a.l.p.AnchorPaneAndControler [AnchorPaneAndControler.java:80] Action sur le bouton OK pour le login : e
2013-01-02 16:03:54,522 INFO [JavaFX Application Thread] e.a.l.p.AnchorPaneAndControler [AnchorPaneAndControler.java:80] Action sur le bouton OK pour le login : e
2013-01-02 16:03:54,709 INFO [JavaFX Application Thread] e.a.l.p.AnchorPaneAndControler [AnchorPaneAndControler.java:80] Action sur le bouton OK pour le login : e
2013-01-02 16:03:56,369 DEBUG [JavaFX Application Thread] e.a.l.p.InputMaskChecker [InputMaskChecker.java:50] valeur de valide BooleanProperty [value: true]
2013-01-02 16:03:56,553 DEBUG [JavaFX Application Thread] e.a.l.p.InputMaskChecker [InputMaskChecker.java:50] valeur de valide BooleanProperty [value: true]
2013-01-02 16:03:57,198 INFO [JavaFX Application Thread] e.a.l.p.AnchorPaneAndControler [AnchorPaneAndControler.java:80] Action sur le bouton OK pour le login : e
2013-01-02 16:03:57,674 INFO [JavaFX Application Thread] e.a.l.p.AnchorPaneAndControler [AnchorPaneAndControler.java:94] Action sur le bouton Annuler
2013-01-02 16:11:06,221 INFO [JavaFX Application Thread] e.a.l.p.AnchorPaneAndControler [AnchorPaneAndControler.java:94] Action sur le bouton Annuler
2013-01-02 16:11:07,029 INFO [JavaFX Application Thread] e.a.l.p.AnchorPaneAndControler [AnchorPaneAndControler.java:55] Initialisation du binding avec le modele
2013-01-02 16:11:19,891 INFO [JavaFX Application Thread] e.a.l.p.AnchorPaneAndControler [AnchorPaneAndControler.java:55] Initialisation du binding avec le modele
2013-01-02 16:11:40,940 INFO [JavaFX Application Thread] e.a.l.p.AnchorPaneAndControler [AnchorPaneAndControler.java:55] Initialisation du binding avec le modele
2013-01-02 16:12:58,513 INFO [JavaFX Application Thread] e.a.l.p.AnchorPaneAndControler [AnchorPaneAndControler.java:55] Initialisation du binding avec le modele
2013-01-02 16:13:05,945 INFO [JavaFX Application Thread] e.a.l.p.AnchorPaneAndControler [AnchorPaneAndControler.java:94] Action sur le bouton Annuler
2013-01-02 16:14:17,420 INFO [JavaFX Application Thread] e.a.l.p.AnchorPaneAndControler [AnchorPaneAndControler.java:55] Initialisation du binding avec le modele
2013-01-02 16:14:42,694 INFO [JavaFX Application Thread] e.a.l.p.AnchorPaneAndControler [AnchorPaneAndControler.java:55] Initialisation du binding avec le modele
2013-01-02 16:14:57,524 INFO [JavaFX Application Thread] e.a.l.p.AnchorPaneAndControler [AnchorPaneAndControler.java:94] Action sur le bouton Annuler
2013-01-02 16:15:03,662 INFO [JavaFX Application Thread] e.a.l.p.AnchorPaneAndControler [AnchorPaneAndControler.java:55] Initialisation du binding avec le modele
2013-01-02 16:15:09,094 INFO [JavaFX Application Thread] e.a.l.p.AnchorPaneAndControler [AnchorPaneAndControler.java:94] Action sur le bouton Annuler
2013-01-02 16:15:17,077 INFO [JavaFX Application Thread] e.a.l.p.AnchorPaneAndControler [AnchorPaneAndControler.java:55] Initialisation du binding avec le modele
2013-01-02 16:15:20,440 INFO [JavaFX Application Thread] e.a.l.p.AnchorPaneAndControler [AnchorPaneAndControler.java:94] Action sur le bouton Annuler
2013-01-02 16:15:26,998 INFO [JavaFX Application Thread] e.a.l.p.AnchorPaneAndControler [AnchorPaneAndControler.java:55] Initialisation du binding avec le modele
2013-01-02 16:15:30,834 INFO [JavaFX Application Thread] e.a.l.p.AnchorPaneAndControler [AnchorPaneAndControler.java:94] Action sur le bouton Annuler
2013-01-02 16:15:44,522 INFO [JavaFX Application Thread] e.a.l.p.AnchorPaneAndControler [AnchorPaneAndControler.java:55] Initialisation du binding avec le modele
2013-01-02 16:15:52,003 INFO [JavaFX Application Thread] e.a.l.p.AnchorPaneAndControler [AnchorPaneAndControler.java:94] Action sur le bouton Annuler
2013-01-02 16:16:27,317 INFO [JavaFX Application Thread] e.a.l.p.AnchorPaneAndControler [AnchorPaneAndControler.java:55] Initialisation du binding avec le modele
2013-01-02 16:16:31,941 INFO [JavaFX Application Thread] e.a.l.p.AnchorPaneAndControler [AnchorPaneAndControler.java:94] Action sur le bouton Annuler
2013-01-02 16:16:45,312 INFO [JavaFX Application Thread] e.a.l.p.AnchorPaneAndControler [AnchorPaneAndControler.java:55] Initialisation du binding avec le modele
2013-01-02 16:16:48,471 INFO [JavaFX Application Thread] e.a.l.p.AnchorPaneAndControler [AnchorPaneAndControler.java:94] Action sur le bouton Annuler
2013-01-02 16:17:56,695 INFO [JavaFX Application Thread] e.a.l.p.AnchorPaneAndControler [AnchorPaneAndControler.java:55] Initialisation du binding avec le modele
2013-01-02 16:17:58,616 DEBUG [JavaFX Application Thread] e.a.l.p.InputMaskChecker [InputMaskChecker.java:49] valeur de valide BooleanProperty [value: true]
2013-01-02 16:17:58,783 DEBUG [JavaFX Application Thread] e.a.l.p.InputMaskChecker [InputMaskChecker.java:49] valeur de valide BooleanProperty [value: true]
2013-01-02 16:17:59,688 DEBUG [JavaFX Application Thread] e.a.l.p.InputMaskChecker [InputMaskChecker.java:49] valeur de valide BooleanProperty [value: true]
2013-01-02 16:17:59,903 DEBUG [JavaFX Application Thread] e.a.l.p.InputMaskChecker [InputMaskChecker.java:49] valeur de valide BooleanProperty [value: true]
2013-01-02 16:18:00,667 INFO [JavaFX Application Thread] e.a.l.p.AnchorPaneAndControler [AnchorPaneAndControler.java:80] Action sur le bouton OK pour le login : zz
2013-01-02 16:18:07,884 INFO [JavaFX Application Thread] e.a.l.p.AnchorPaneAndControler [AnchorPaneAndControler.java:94] Action sur le bouton Annuler
