2013-01-21 10:23:24,746 DEBUG [main] c.f.t.m.S.i.CalendarServicesImp [CalendarServicesImp.java:86] Anomalie à l'initialisation du Service Calendar
com.google.gdata.util.AuthenticationException: Error connecting with login URI
	at com.google.gdata.client.GoogleAuthTokenFactory.getAuthToken(GoogleAuthTokenFactory.java:549) ~[gdata-core-1.0.jar:1.47.1]
	at com.google.gdata.client.GoogleAuthTokenFactory.setUserCredentials(GoogleAuthTokenFactory.java:397) ~[gdata-core-1.0.jar:1.47.1]
	at com.google.gdata.client.GoogleService.setUserCredentials(GoogleService.java:364) ~[gdata-core-1.0.jar:1.47.1]
	at com.google.gdata.client.GoogleService.setUserCredentials(GoogleService.java:319) ~[gdata-core-1.0.jar:1.47.1]
	at com.google.gdata.client.GoogleService.setUserCredentials(GoogleService.java:303) ~[gdata-core-1.0.jar:1.47.1]
	at com.fabyle.team.managing.Services.imp.CalendarServicesImp.init(CalendarServicesImp.java:84) ~[classes/:na]
	at com.fabyle.team.managing.Services.ICalendarServiceTest.setUp(ICalendarServiceTest.java:27) [classes/:na]
	at junit.framework.TestCase.runBare(TestCase.java:128) [junit-3.8.2.jar:na]
	at junit.framework.TestResult$1.protect(TestResult.java:106) [junit-3.8.2.jar:na]
	at junit.framework.TestResult.runProtected(TestResult.java:124) [junit-3.8.2.jar:na]
	at junit.framework.TestResult.run(TestResult.java:109) [junit-3.8.2.jar:na]
	at junit.framework.TestCase.run(TestCase.java:120) [junit-3.8.2.jar:na]
	at org.eclipse.jdt.internal.junit.runner.junit3.JUnit3TestReference.run(JUnit3TestReference.java:130) [.cp/:na]
	at org.eclipse.jdt.internal.junit.runner.TestExecution.run(TestExecution.java:38) [.cp/:na]
	at org.eclipse.jdt.internal.junit.runner.RemoteTestRunner.runTests(RemoteTestRunner.java:467) [.cp/:na]
	at org.eclipse.jdt.internal.junit.runner.RemoteTestRunner.runTests(RemoteTestRunner.java:683) [.cp/:na]
	at org.eclipse.jdt.internal.junit.runner.RemoteTestRunner.run(RemoteTestRunner.java:390) [.cp/:na]
	at org.eclipse.jdt.internal.junit.runner.RemoteTestRunner.main(RemoteTestRunner.java:197) [.cp/:na]
Caused by: java.net.UnknownHostException: www.google.com
	at java.net.AbstractPlainSocketImpl.connect(AbstractPlainSocketImpl.java:178) ~[na:1.7.0_10]
	at java.net.PlainSocketImpl.connect(PlainSocketImpl.java:157) ~[na:1.7.0_10]
	at java.net.SocksSocketImpl.connect(SocksSocketImpl.java:391) ~[na:1.7.0_10]
	at java.net.Socket.connect(Socket.java:579) ~[na:1.7.0_10]
	at sun.security.ssl.SSLSocketImpl.connect(SSLSocketImpl.java:618) ~[na:1.7.0_10]
	at sun.security.ssl.BaseSSLSocketImpl.connect(BaseSSLSocketImpl.java:160) ~[na:1.7.0_10]
	at sun.net.NetworkClient.doConnect(NetworkClient.java:180) ~[na:1.7.0_10]
	at sun.net.www.http.HttpClient.openServer(HttpClient.java:378) ~[na:1.7.0_10]
	at sun.net.www.http.HttpClient.openServer(HttpClient.java:473) ~[na:1.7.0_10]
	at sun.net.www.protocol.https.HttpsClient.<init>(HttpsClient.java:270) ~[na:1.7.0_10]
	at sun.net.www.protocol.https.HttpsClient.New(HttpsClient.java:327) ~[na:1.7.0_10]
	at sun.net.www.protocol.https.AbstractDelegateHttpsURLConnection.getNewHttpClient(AbstractDelegateHttpsURLConnection.java:191) ~[na:1.7.0_10]
	at sun.net.www.protocol.http.HttpURLConnection.plainConnect(HttpURLConnection.java:931) ~[na:1.7.0_10]
	at sun.net.www.protocol.https.AbstractDelegateHttpsURLConnection.connect(AbstractDelegateHttpsURLConnection.java:177) ~[na:1.7.0_10]
	at sun.net.www.protocol.http.HttpURLConnection.getOutputStream(HttpURLConnection.java:1090) ~[na:1.7.0_10]
	at sun.net.www.protocol.https.HttpsURLConnectionImpl.getOutputStream(HttpsURLConnectionImpl.java:250) ~[na:1.7.0_10]
	at com.google.gdata.client.GoogleAuthTokenFactory.makePostRequest(GoogleAuthTokenFactory.java:611) ~[gdata-core-1.0.jar:1.47.1]
	at com.google.gdata.client.GoogleAuthTokenFactory.getAuthToken(GoogleAuthTokenFactory.java:547) ~[gdata-core-1.0.jar:1.47.1]
	... 17 common frames omitted
2013-01-21 10:23:24,793 INFO [main] c.f.t.m.S.i.CalendarServicesImp [CalendarServicesImp.java:137] suppression des calendriers de titre Xavier
2013-01-21 10:23:24,832 ERROR [main] c.f.t.m.S.i.CalendarServicesImp [CalendarServicesImp.java:316] Erreur lors de la recherche du calendrier
java.net.UnknownHostException: www.google.com
	at java.net.AbstractPlainSocketImpl.connect(AbstractPlainSocketImpl.java:178) ~[na:1.7.0_10]
	at java.net.PlainSocketImpl.connect(PlainSocketImpl.java:157) ~[na:1.7.0_10]
	at java.net.SocksSocketImpl.connect(SocksSocketImpl.java:391) ~[na:1.7.0_10]
	at java.net.Socket.connect(Socket.java:579) ~[na:1.7.0_10]
	at sun.security.ssl.SSLSocketImpl.connect(SSLSocketImpl.java:618) ~[na:1.7.0_10]
	at sun.security.ssl.BaseSSLSocketImpl.connect(BaseSSLSocketImpl.java:160) ~[na:1.7.0_10]
	at sun.net.NetworkClient.doConnect(NetworkClient.java:180) ~[na:1.7.0_10]
	at sun.net.www.http.HttpClient.openServer(HttpClient.java:378) ~[na:1.7.0_10]
	at sun.net.www.http.HttpClient.openServer(HttpClient.java:473) ~[na:1.7.0_10]
	at sun.net.www.protocol.https.HttpsClient.<init>(HttpsClient.java:270) ~[na:1.7.0_10]
	at sun.net.www.protocol.https.HttpsClient.New(HttpsClient.java:327) ~[na:1.7.0_10]
	at sun.net.www.protocol.https.AbstractDelegateHttpsURLConnection.getNewHttpClient(AbstractDelegateHttpsURLConnection.java:191) ~[na:1.7.0_10]
	at sun.net.www.protocol.http.HttpURLConnection.plainConnect(HttpURLConnection.java:931) ~[na:1.7.0_10]
	at sun.net.www.protocol.https.AbstractDelegateHttpsURLConnection.connect(AbstractDelegateHttpsURLConnection.java:177) ~[na:1.7.0_10]
	at sun.net.www.protocol.https.HttpsURLConnectionImpl.connect(HttpsURLConnectionImpl.java:153) ~[na:1.7.0_10]
	at com.google.gdata.client.http.HttpGDataRequest.execute(HttpGDataRequest.java:511) ~[gdata-core-1.0.jar:na]
	at com.google.gdata.client.http.GoogleGDataRequest.execute(GoogleGDataRequest.java:536) ~[gdata-core-1.0.jar:na]
	at com.google.gdata.client.Service.getFeed(Service.java:1135) ~[gdata-core-1.0.jar:1.47.1]
	at com.google.gdata.client.Service.getFeed(Service.java:998) ~[gdata-core-1.0.jar:1.47.1]
	at com.google.gdata.client.GoogleService.getFeed(GoogleService.java:645) ~[gdata-core-1.0.jar:1.47.1]
	at com.google.gdata.client.Service.getFeed(Service.java:1017) ~[gdata-core-1.0.jar:1.47.1]
	at com.fabyle.team.managing.Services.imp.CalendarServicesImp.searchCalendar(CalendarServicesImp.java:307) [classes/:na]
	at com.fabyle.team.managing.Services.imp.CalendarServicesImp.deleteCalendar(CalendarServicesImp.java:138) [classes/:na]
	at com.fabyle.team.managing.Services.ICalendarServiceTest.testDeleteCalendar(ICalendarServiceTest.java:42) [classes/:na]
	at sun.reflect.NativeMethodAccessorImpl.invoke0(Native Method) ~[na:1.7.0_10]
	at sun.reflect.NativeMethodAccessorImpl.invoke(NativeMethodAccessorImpl.java:57) ~[na:1.7.0_10]
	at sun.reflect.DelegatingMethodAccessorImpl.invoke(DelegatingMethodAccessorImpl.java:43) ~[na:1.7.0_10]
	at java.lang.reflect.Method.invoke(Method.java:601) ~[na:1.7.0_10]
	at junit.framework.TestCase.runTest(TestCase.java:164) [junit-3.8.2.jar:na]
	at junit.framework.TestCase.runBare(TestCase.java:130) [junit-3.8.2.jar:na]
	at junit.framework.TestResult$1.protect(TestResult.java:106) [junit-3.8.2.jar:na]
	at junit.framework.TestResult.runProtected(TestResult.java:124) [junit-3.8.2.jar:na]
	at junit.framework.TestResult.run(TestResult.java:109) [junit-3.8.2.jar:na]
	at junit.framework.TestCase.run(TestCase.java:120) [junit-3.8.2.jar:na]
	at org.eclipse.jdt.internal.junit.runner.junit3.JUnit3TestReference.run(JUnit3TestReference.java:130) [.cp/:na]
	at org.eclipse.jdt.internal.junit.runner.TestExecution.run(TestExecution.java:38) [.cp/:na]
	at org.eclipse.jdt.internal.junit.runner.RemoteTestRunner.runTests(RemoteTestRunner.java:467) [.cp/:na]
	at org.eclipse.jdt.internal.junit.runner.RemoteTestRunner.runTests(RemoteTestRunner.java:683) [.cp/:na]
	at org.eclipse.jdt.internal.junit.runner.RemoteTestRunner.run(RemoteTestRunner.java:390) [.cp/:na]
	at org.eclipse.jdt.internal.junit.runner.RemoteTestRunner.main(RemoteTestRunner.java:197) [.cp/:na]
2013-01-21 10:23:58,300 DEBUG [main] c.f.t.m.S.i.CalendarServicesImp [CalendarServicesImp.java:86] Anomalie à l'initialisation du Service Calendar
com.google.gdata.util.AuthenticationException: Error connecting with login URI
	at com.google.gdata.client.GoogleAuthTokenFactory.getAuthToken(GoogleAuthTokenFactory.java:549) ~[gdata-core-1.0.jar:1.47.1]
	at com.google.gdata.client.GoogleAuthTokenFactory.setUserCredentials(GoogleAuthTokenFactory.java:397) ~[gdata-core-1.0.jar:1.47.1]
	at com.google.gdata.client.GoogleService.setUserCredentials(GoogleService.java:364) ~[gdata-core-1.0.jar:1.47.1]
	at com.google.gdata.client.GoogleService.setUserCredentials(GoogleService.java:319) ~[gdata-core-1.0.jar:1.47.1]
	at com.google.gdata.client.GoogleService.setUserCredentials(GoogleService.java:303) ~[gdata-core-1.0.jar:1.47.1]
	at com.fabyle.team.managing.Services.imp.CalendarServicesImp.init(CalendarServicesImp.java:84) ~[classes/:na]
	at com.fabyle.team.managing.Services.ICalendarServiceTest.setUp(ICalendarServiceTest.java:27) [classes/:na]
	at junit.framework.TestCase.runBare(TestCase.java:128) [junit-3.8.2.jar:na]
	at junit.framework.TestResult$1.protect(TestResult.java:106) [junit-3.8.2.jar:na]
	at junit.framework.TestResult.runProtected(TestResult.java:124) [junit-3.8.2.jar:na]
	at junit.framework.TestResult.run(TestResult.java:109) [junit-3.8.2.jar:na]
	at junit.framework.TestCase.run(TestCase.java:120) [junit-3.8.2.jar:na]
	at org.eclipse.jdt.internal.junit.runner.junit3.JUnit3TestReference.run(JUnit3TestReference.java:130) [.cp/:na]
	at org.eclipse.jdt.internal.junit.runner.TestExecution.run(TestExecution.java:38) [.cp/:na]
	at org.eclipse.jdt.internal.junit.runner.RemoteTestRunner.runTests(RemoteTestRunner.java:467) [.cp/:na]
	at org.eclipse.jdt.internal.junit.runner.RemoteTestRunner.runTests(RemoteTestRunner.java:683) [.cp/:na]
	at org.eclipse.jdt.internal.junit.runner.RemoteTestRunner.run(RemoteTestRunner.java:390) [.cp/:na]
	at org.eclipse.jdt.internal.junit.runner.RemoteTestRunner.main(RemoteTestRunner.java:197) [.cp/:na]
Caused by: java.net.UnknownHostException: www.google.com
	at java.net.AbstractPlainSocketImpl.connect(AbstractPlainSocketImpl.java:178) ~[na:1.7.0_10]
	at java.net.PlainSocketImpl.connect(PlainSocketImpl.java:157) ~[na:1.7.0_10]
	at java.net.SocksSocketImpl.connect(SocksSocketImpl.java:391) ~[na:1.7.0_10]
	at java.net.Socket.connect(Socket.java:579) ~[na:1.7.0_10]
	at sun.security.ssl.SSLSocketImpl.connect(SSLSocketImpl.java:618) ~[na:1.7.0_10]
	at sun.security.ssl.BaseSSLSocketImpl.connect(BaseSSLSocketImpl.java:160) ~[na:1.7.0_10]
	at sun.net.NetworkClient.doConnect(NetworkClient.java:180) ~[na:1.7.0_10]
	at sun.net.www.http.HttpClient.openServer(HttpClient.java:378) ~[na:1.7.0_10]
	at sun.net.www.http.HttpClient.openServer(HttpClient.java:473) ~[na:1.7.0_10]
	at sun.net.www.protocol.https.HttpsClient.<init>(HttpsClient.java:270) ~[na:1.7.0_10]
	at sun.net.www.protocol.https.HttpsClient.New(HttpsClient.java:327) ~[na:1.7.0_10]
	at sun.net.www.protocol.https.AbstractDelegateHttpsURLConnection.getNewHttpClient(AbstractDelegateHttpsURLConnection.java:191) ~[na:1.7.0_10]
	at sun.net.www.protocol.http.HttpURLConnection.plainConnect(HttpURLConnection.java:931) ~[na:1.7.0_10]
	at sun.net.www.protocol.https.AbstractDelegateHttpsURLConnection.connect(AbstractDelegateHttpsURLConnection.java:177) ~[na:1.7.0_10]
	at sun.net.www.protocol.http.HttpURLConnection.getOutputStream(HttpURLConnection.java:1090) ~[na:1.7.0_10]
	at sun.net.www.protocol.https.HttpsURLConnectionImpl.getOutputStream(HttpsURLConnectionImpl.java:250) ~[na:1.7.0_10]
	at com.google.gdata.client.GoogleAuthTokenFactory.makePostRequest(GoogleAuthTokenFactory.java:611) ~[gdata-core-1.0.jar:1.47.1]
	at com.google.gdata.client.GoogleAuthTokenFactory.getAuthToken(GoogleAuthTokenFactory.java:547) ~[gdata-core-1.0.jar:1.47.1]
	... 17 common frames omitted
2013-01-21 10:23:58,312 INFO [main] c.f.t.m.S.i.CalendarServicesImp [CalendarServicesImp.java:137] suppression des calendriers de titre Xavier
2013-01-21 10:23:58,353 ERROR [main] c.f.t.m.S.i.CalendarServicesImp [CalendarServicesImp.java:316] Erreur lors de la recherche du calendrier
java.net.UnknownHostException: www.google.com
	at java.net.AbstractPlainSocketImpl.connect(AbstractPlainSocketImpl.java:178) ~[na:1.7.0_10]
	at java.net.PlainSocketImpl.connect(PlainSocketImpl.java:157) ~[na:1.7.0_10]
	at java.net.SocksSocketImpl.connect(SocksSocketImpl.java:391) ~[na:1.7.0_10]
	at java.net.Socket.connect(Socket.java:579) ~[na:1.7.0_10]
	at sun.security.ssl.SSLSocketImpl.connect(SSLSocketImpl.java:618) ~[na:1.7.0_10]
	at sun.security.ssl.BaseSSLSocketImpl.connect(BaseSSLSocketImpl.java:160) ~[na:1.7.0_10]
	at sun.net.NetworkClient.doConnect(NetworkClient.java:180) ~[na:1.7.0_10]
	at sun.net.www.http.HttpClient.openServer(HttpClient.java:378) ~[na:1.7.0_10]
	at sun.net.www.http.HttpClient.openServer(HttpClient.java:473) ~[na:1.7.0_10]
	at sun.net.www.protocol.https.HttpsClient.<init>(HttpsClient.java:270) ~[na:1.7.0_10]
	at sun.net.www.protocol.https.HttpsClient.New(HttpsClient.java:327) ~[na:1.7.0_10]
	at sun.net.www.protocol.https.AbstractDelegateHttpsURLConnection.getNewHttpClient(AbstractDelegateHttpsURLConnection.java:191) ~[na:1.7.0_10]
	at sun.net.www.protocol.http.HttpURLConnection.plainConnect(HttpURLConnection.java:931) ~[na:1.7.0_10]
	at sun.net.www.protocol.https.AbstractDelegateHttpsURLConnection.connect(AbstractDelegateHttpsURLConnection.java:177) ~[na:1.7.0_10]
	at sun.net.www.protocol.https.HttpsURLConnectionImpl.connect(HttpsURLConnectionImpl.java:153) ~[na:1.7.0_10]
	at com.google.gdata.client.http.HttpGDataRequest.execute(HttpGDataRequest.java:511) ~[gdata-core-1.0.jar:na]
	at com.google.gdata.client.http.GoogleGDataRequest.execute(GoogleGDataRequest.java:536) ~[gdata-core-1.0.jar:na]
	at com.google.gdata.client.Service.getFeed(Service.java:1135) ~[gdata-core-1.0.jar:1.47.1]
	at com.google.gdata.client.Service.getFeed(Service.java:998) ~[gdata-core-1.0.jar:1.47.1]
	at com.google.gdata.client.GoogleService.getFeed(GoogleService.java:645) ~[gdata-core-1.0.jar:1.47.1]
	at com.google.gdata.client.Service.getFeed(Service.java:1017) ~[gdata-core-1.0.jar:1.47.1]
	at com.fabyle.team.managing.Services.imp.CalendarServicesImp.searchCalendar(CalendarServicesImp.java:307) [classes/:na]
	at com.fabyle.team.managing.Services.imp.CalendarServicesImp.deleteCalendar(CalendarServicesImp.java:138) [classes/:na]
	at com.fabyle.team.managing.Services.ICalendarServiceTest.testDeleteCalendar(ICalendarServiceTest.java:42) [classes/:na]
	at sun.reflect.NativeMethodAccessorImpl.invoke0(Native Method) ~[na:1.7.0_10]
	at sun.reflect.NativeMethodAccessorImpl.invoke(NativeMethodAccessorImpl.java:57) ~[na:1.7.0_10]
	at sun.reflect.DelegatingMethodAccessorImpl.invoke(DelegatingMethodAccessorImpl.java:43) ~[na:1.7.0_10]
	at java.lang.reflect.Method.invoke(Method.java:601) ~[na:1.7.0_10]
	at junit.framework.TestCase.runTest(TestCase.java:164) [junit-3.8.2.jar:na]
	at junit.framework.TestCase.runBare(TestCase.java:130) [junit-3.8.2.jar:na]
	at junit.framework.TestResult$1.protect(TestResult.java:106) [junit-3.8.2.jar:na]
	at junit.framework.TestResult.runProtected(TestResult.java:124) [junit-3.8.2.jar:na]
	at junit.framework.TestResult.run(TestResult.java:109) [junit-3.8.2.jar:na]
	at junit.framework.TestCase.run(TestCase.java:120) [junit-3.8.2.jar:na]
	at org.eclipse.jdt.internal.junit.runner.junit3.JUnit3TestReference.run(JUnit3TestReference.java:130) [.cp/:na]
	at org.eclipse.jdt.internal.junit.runner.TestExecution.run(TestExecution.java:38) [.cp/:na]
	at org.eclipse.jdt.internal.junit.runner.RemoteTestRunner.runTests(RemoteTestRunner.java:467) [.cp/:na]
	at org.eclipse.jdt.internal.junit.runner.RemoteTestRunner.runTests(RemoteTestRunner.java:683) [.cp/:na]
	at org.eclipse.jdt.internal.junit.runner.RemoteTestRunner.run(RemoteTestRunner.java:390) [.cp/:na]
	at org.eclipse.jdt.internal.junit.runner.RemoteTestRunner.main(RemoteTestRunner.java:197) [.cp/:na]
2013-01-21 10:34:29,802 DEBUG [main] c.f.t.m.S.i.CalendarServicesImp [CalendarServicesImp.java:86] Anomalie à l'initialisation du Service Calendar
com.google.gdata.util.AuthenticationException: Error connecting with login URI
	at com.google.gdata.client.GoogleAuthTokenFactory.getAuthToken(GoogleAuthTokenFactory.java:549) ~[gdata-core-1.0.jar:1.47.1]
	at com.google.gdata.client.GoogleAuthTokenFactory.setUserCredentials(GoogleAuthTokenFactory.java:397) ~[gdata-core-1.0.jar:1.47.1]
	at com.google.gdata.client.GoogleService.setUserCredentials(GoogleService.java:364) ~[gdata-core-1.0.jar:1.47.1]
	at com.google.gdata.client.GoogleService.setUserCredentials(GoogleService.java:319) ~[gdata-core-1.0.jar:1.47.1]
	at com.google.gdata.client.GoogleService.setUserCredentials(GoogleService.java:303) ~[gdata-core-1.0.jar:1.47.1]
	at com.fabyle.team.managing.Services.imp.CalendarServicesImp.init(CalendarServicesImp.java:84) ~[classes/:na]
	at com.fabyle.team.managing.Services.ICalendarServiceTest.setUp(ICalendarServiceTest.java:30) [classes/:na]
	at junit.framework.TestCase.runBare(TestCase.java:128) [junit-3.8.2.jar:na]
	at junit.framework.TestResult$1.protect(TestResult.java:106) [junit-3.8.2.jar:na]
	at junit.framework.TestResult.runProtected(TestResult.java:124) [junit-3.8.2.jar:na]
	at junit.framework.TestResult.run(TestResult.java:109) [junit-3.8.2.jar:na]
	at junit.framework.TestCase.run(TestCase.java:120) [junit-3.8.2.jar:na]
	at org.eclipse.jdt.internal.junit.runner.junit3.JUnit3TestReference.run(JUnit3TestReference.java:130) [.cp/:na]
	at org.eclipse.jdt.internal.junit.runner.TestExecution.run(TestExecution.java:38) [.cp/:na]
	at org.eclipse.jdt.internal.junit.runner.RemoteTestRunner.runTests(RemoteTestRunner.java:467) [.cp/:na]
	at org.eclipse.jdt.internal.junit.runner.RemoteTestRunner.runTests(RemoteTestRunner.java:683) [.cp/:na]
	at org.eclipse.jdt.internal.junit.runner.RemoteTestRunner.run(RemoteTestRunner.java:390) [.cp/:na]
	at org.eclipse.jdt.internal.junit.runner.RemoteTestRunner.main(RemoteTestRunner.java:197) [.cp/:na]
Caused by: java.net.UnknownHostException: www.google.com
	at java.net.AbstractPlainSocketImpl.connect(AbstractPlainSocketImpl.java:178) ~[na:1.7.0_10]
	at java.net.PlainSocketImpl.connect(PlainSocketImpl.java:157) ~[na:1.7.0_10]
	at java.net.SocksSocketImpl.connect(SocksSocketImpl.java:391) ~[na:1.7.0_10]
	at java.net.Socket.connect(Socket.java:579) ~[na:1.7.0_10]
	at sun.security.ssl.SSLSocketImpl.connect(SSLSocketImpl.java:618) ~[na:1.7.0_10]
	at sun.security.ssl.BaseSSLSocketImpl.connect(BaseSSLSocketImpl.java:160) ~[na:1.7.0_10]
	at sun.net.NetworkClient.doConnect(NetworkClient.java:180) ~[na:1.7.0_10]
	at sun.net.www.http.HttpClient.openServer(HttpClient.java:378) ~[na:1.7.0_10]
	at sun.net.www.http.HttpClient.openServer(HttpClient.java:473) ~[na:1.7.0_10]
	at sun.net.www.protocol.https.HttpsClient.<init>(HttpsClient.java:270) ~[na:1.7.0_10]
	at sun.net.www.protocol.https.HttpsClient.New(HttpsClient.java:327) ~[na:1.7.0_10]
	at sun.net.www.protocol.https.AbstractDelegateHttpsURLConnection.getNewHttpClient(AbstractDelegateHttpsURLConnection.java:191) ~[na:1.7.0_10]
	at sun.net.www.protocol.http.HttpURLConnection.plainConnect(HttpURLConnection.java:931) ~[na:1.7.0_10]
	at sun.net.www.protocol.https.AbstractDelegateHttpsURLConnection.connect(AbstractDelegateHttpsURLConnection.java:177) ~[na:1.7.0_10]
	at sun.net.www.protocol.http.HttpURLConnection.getOutputStream(HttpURLConnection.java:1090) ~[na:1.7.0_10]
	at sun.net.www.protocol.https.HttpsURLConnectionImpl.getOutputStream(HttpsURLConnectionImpl.java:250) ~[na:1.7.0_10]
	at com.google.gdata.client.GoogleAuthTokenFactory.makePostRequest(GoogleAuthTokenFactory.java:611) ~[gdata-core-1.0.jar:1.47.1]
	at com.google.gdata.client.GoogleAuthTokenFactory.getAuthToken(GoogleAuthTokenFactory.java:547) ~[gdata-core-1.0.jar:1.47.1]
	... 17 common frames omitted
2013-01-21 10:34:29,815 INFO [main] c.f.t.m.S.i.CalendarServicesImp [CalendarServicesImp.java:137] suppression des calendriers de titre Xavier
2013-01-21 10:34:29,848 ERROR [main] c.f.t.m.S.i.CalendarServicesImp [CalendarServicesImp.java:316] Erreur lors de la recherche du calendrier
java.net.UnknownHostException: www.google.com
	at java.net.AbstractPlainSocketImpl.connect(AbstractPlainSocketImpl.java:178) ~[na:1.7.0_10]
	at java.net.PlainSocketImpl.connect(PlainSocketImpl.java:157) ~[na:1.7.0_10]
	at java.net.SocksSocketImpl.connect(SocksSocketImpl.java:391) ~[na:1.7.0_10]
	at java.net.Socket.connect(Socket.java:579) ~[na:1.7.0_10]
	at sun.security.ssl.SSLSocketImpl.connect(SSLSocketImpl.java:618) ~[na:1.7.0_10]
	at sun.security.ssl.BaseSSLSocketImpl.connect(BaseSSLSocketImpl.java:160) ~[na:1.7.0_10]
	at sun.net.NetworkClient.doConnect(NetworkClient.java:180) ~[na:1.7.0_10]
	at sun.net.www.http.HttpClient.openServer(HttpClient.java:378) ~[na:1.7.0_10]
	at sun.net.www.http.HttpClient.openServer(HttpClient.java:473) ~[na:1.7.0_10]
	at sun.net.www.protocol.https.HttpsClient.<init>(HttpsClient.java:270) ~[na:1.7.0_10]
	at sun.net.www.protocol.https.HttpsClient.New(HttpsClient.java:327) ~[na:1.7.0_10]
	at sun.net.www.protocol.https.AbstractDelegateHttpsURLConnection.getNewHttpClient(AbstractDelegateHttpsURLConnection.java:191) ~[na:1.7.0_10]
	at sun.net.www.protocol.http.HttpURLConnection.plainConnect(HttpURLConnection.java:931) ~[na:1.7.0_10]
	at sun.net.www.protocol.https.AbstractDelegateHttpsURLConnection.connect(AbstractDelegateHttpsURLConnection.java:177) ~[na:1.7.0_10]
	at sun.net.www.protocol.https.HttpsURLConnectionImpl.connect(HttpsURLConnectionImpl.java:153) ~[na:1.7.0_10]
	at com.google.gdata.client.http.HttpGDataRequest.execute(HttpGDataRequest.java:511) ~[gdata-core-1.0.jar:na]
	at com.google.gdata.client.http.GoogleGDataRequest.execute(GoogleGDataRequest.java:536) ~[gdata-core-1.0.jar:na]
	at com.google.gdata.client.Service.getFeed(Service.java:1135) ~[gdata-core-1.0.jar:1.47.1]
	at com.google.gdata.client.Service.getFeed(Service.java:998) ~[gdata-core-1.0.jar:1.47.1]
	at com.google.gdata.client.GoogleService.getFeed(GoogleService.java:645) ~[gdata-core-1.0.jar:1.47.1]
	at com.google.gdata.client.Service.getFeed(Service.java:1017) ~[gdata-core-1.0.jar:1.47.1]
	at com.fabyle.team.managing.Services.imp.CalendarServicesImp.searchCalendar(CalendarServicesImp.java:307) [classes/:na]
	at com.fabyle.team.managing.Services.imp.CalendarServicesImp.deleteCalendar(CalendarServicesImp.java:138) [classes/:na]
	at com.fabyle.team.managing.Services.ICalendarServiceTest.testDeleteCalendar(ICalendarServiceTest.java:45) [classes/:na]
	at sun.reflect.NativeMethodAccessorImpl.invoke0(Native Method) ~[na:1.7.0_10]
	at sun.reflect.NativeMethodAccessorImpl.invoke(NativeMethodAccessorImpl.java:57) ~[na:1.7.0_10]
	at sun.reflect.DelegatingMethodAccessorImpl.invoke(DelegatingMethodAccessorImpl.java:43) ~[na:1.7.0_10]
	at java.lang.reflect.Method.invoke(Method.java:601) ~[na:1.7.0_10]
	at junit.framework.TestCase.runTest(TestCase.java:164) [junit-3.8.2.jar:na]
	at junit.framework.TestCase.runBare(TestCase.java:130) [junit-3.8.2.jar:na]
	at junit.framework.TestResult$1.protect(TestResult.java:106) [junit-3.8.2.jar:na]
	at junit.framework.TestResult.runProtected(TestResult.java:124) [junit-3.8.2.jar:na]
	at junit.framework.TestResult.run(TestResult.java:109) [junit-3.8.2.jar:na]
	at junit.framework.TestCase.run(TestCase.java:120) [junit-3.8.2.jar:na]
	at org.eclipse.jdt.internal.junit.runner.junit3.JUnit3TestReference.run(JUnit3TestReference.java:130) [.cp/:na]
	at org.eclipse.jdt.internal.junit.runner.TestExecution.run(TestExecution.java:38) [.cp/:na]
	at org.eclipse.jdt.internal.junit.runner.RemoteTestRunner.runTests(RemoteTestRunner.java:467) [.cp/:na]
	at org.eclipse.jdt.internal.junit.runner.RemoteTestRunner.runTests(RemoteTestRunner.java:683) [.cp/:na]
	at org.eclipse.jdt.internal.junit.runner.RemoteTestRunner.run(RemoteTestRunner.java:390) [.cp/:na]
	at org.eclipse.jdt.internal.junit.runner.RemoteTestRunner.main(RemoteTestRunner.java:197) [.cp/:na]
2013-01-21 10:34:48,921 DEBUG [main] c.f.t.m.S.i.CalendarServicesImp [CalendarServicesImp.java:86] Anomalie à l'initialisation du Service Calendar
com.google.gdata.util.AuthenticationException: Error connecting with login URI
	at com.google.gdata.client.GoogleAuthTokenFactory.getAuthToken(GoogleAuthTokenFactory.java:549) ~[gdata-core-1.0.jar:1.47.1]
	at com.google.gdata.client.GoogleAuthTokenFactory.setUserCredentials(GoogleAuthTokenFactory.java:397) ~[gdata-core-1.0.jar:1.47.1]
	at com.google.gdata.client.GoogleService.setUserCredentials(GoogleService.java:364) ~[gdata-core-1.0.jar:1.47.1]
	at com.google.gdata.client.GoogleService.setUserCredentials(GoogleService.java:319) ~[gdata-core-1.0.jar:1.47.1]
	at com.google.gdata.client.GoogleService.setUserCredentials(GoogleService.java:303) ~[gdata-core-1.0.jar:1.47.1]
	at com.fabyle.team.managing.Services.imp.CalendarServicesImp.init(CalendarServicesImp.java:84) ~[classes/:na]
	at com.fabyle.team.managing.Services.ICalendarServiceTest.setUp(ICalendarServiceTest.java:30) [classes/:na]
	at junit.framework.TestCase.runBare(TestCase.java:128) [junit-3.8.2.jar:na]
	at junit.framework.TestResult$1.protect(TestResult.java:106) [junit-3.8.2.jar:na]
	at junit.framework.TestResult.runProtected(TestResult.java:124) [junit-3.8.2.jar:na]
	at junit.framework.TestResult.run(TestResult.java:109) [junit-3.8.2.jar:na]
	at junit.framework.TestCase.run(TestCase.java:120) [junit-3.8.2.jar:na]
	at org.eclipse.jdt.internal.junit.runner.junit3.JUnit3TestReference.run(JUnit3TestReference.java:130) [.cp/:na]
	at org.eclipse.jdt.internal.junit.runner.TestExecution.run(TestExecution.java:38) [.cp/:na]
	at org.eclipse.jdt.internal.junit.runner.RemoteTestRunner.runTests(RemoteTestRunner.java:467) [.cp/:na]
	at org.eclipse.jdt.internal.junit.runner.RemoteTestRunner.runTests(RemoteTestRunner.java:683) [.cp/:na]
	at org.eclipse.jdt.internal.junit.runner.RemoteTestRunner.run(RemoteTestRunner.java:390) [.cp/:na]
	at org.eclipse.jdt.internal.junit.runner.RemoteTestRunner.main(RemoteTestRunner.java:197) [.cp/:na]
Caused by: java.net.UnknownHostException: www.google.com
	at java.net.AbstractPlainSocketImpl.connect(AbstractPlainSocketImpl.java:178) ~[na:1.7.0_10]
	at java.net.PlainSocketImpl.connect(PlainSocketImpl.java:157) ~[na:1.7.0_10]
	at java.net.SocksSocketImpl.connect(SocksSocketImpl.java:391) ~[na:1.7.0_10]
	at java.net.Socket.connect(Socket.java:579) ~[na:1.7.0_10]
	at sun.security.ssl.SSLSocketImpl.connect(SSLSocketImpl.java:618) ~[na:1.7.0_10]
	at sun.security.ssl.BaseSSLSocketImpl.connect(BaseSSLSocketImpl.java:160) ~[na:1.7.0_10]
	at sun.net.NetworkClient.doConnect(NetworkClient.java:180) ~[na:1.7.0_10]
	at sun.net.www.http.HttpClient.openServer(HttpClient.java:378) ~[na:1.7.0_10]
	at sun.net.www.http.HttpClient.openServer(HttpClient.java:473) ~[na:1.7.0_10]
	at sun.net.www.protocol.https.HttpsClient.<init>(HttpsClient.java:270) ~[na:1.7.0_10]
	at sun.net.www.protocol.https.HttpsClient.New(HttpsClient.java:327) ~[na:1.7.0_10]
	at sun.net.www.protocol.https.AbstractDelegateHttpsURLConnection.getNewHttpClient(AbstractDelegateHttpsURLConnection.java:191) ~[na:1.7.0_10]
	at sun.net.www.protocol.http.HttpURLConnection.plainConnect(HttpURLConnection.java:931) ~[na:1.7.0_10]
	at sun.net.www.protocol.https.AbstractDelegateHttpsURLConnection.connect(AbstractDelegateHttpsURLConnection.java:177) ~[na:1.7.0_10]
	at sun.net.www.protocol.http.HttpURLConnection.getOutputStream(HttpURLConnection.java:1090) ~[na:1.7.0_10]
	at sun.net.www.protocol.https.HttpsURLConnectionImpl.getOutputStream(HttpsURLConnectionImpl.java:250) ~[na:1.7.0_10]
	at com.google.gdata.client.GoogleAuthTokenFactory.makePostRequest(GoogleAuthTokenFactory.java:611) ~[gdata-core-1.0.jar:1.47.1]
	at com.google.gdata.client.GoogleAuthTokenFactory.getAuthToken(GoogleAuthTokenFactory.java:547) ~[gdata-core-1.0.jar:1.47.1]
	... 17 common frames omitted
2013-01-21 10:34:48,933 INFO [main] c.f.t.m.S.i.CalendarServicesImp [CalendarServicesImp.java:137] suppression des calendriers de titre Xavier
2013-01-21 10:34:48,970 ERROR [main] c.f.t.m.S.i.CalendarServicesImp [CalendarServicesImp.java:316] Erreur lors de la recherche du calendrier
java.net.UnknownHostException: www.google.com
	at java.net.AbstractPlainSocketImpl.connect(AbstractPlainSocketImpl.java:178) ~[na:1.7.0_10]
	at java.net.PlainSocketImpl.connect(PlainSocketImpl.java:157) ~[na:1.7.0_10]
	at java.net.SocksSocketImpl.connect(SocksSocketImpl.java:391) ~[na:1.7.0_10]
	at java.net.Socket.connect(Socket.java:579) ~[na:1.7.0_10]
	at sun.security.ssl.SSLSocketImpl.connect(SSLSocketImpl.java:618) ~[na:1.7.0_10]
	at sun.security.ssl.BaseSSLSocketImpl.connect(BaseSSLSocketImpl.java:160) ~[na:1.7.0_10]
	at sun.net.NetworkClient.doConnect(NetworkClient.java:180) ~[na:1.7.0_10]
	at sun.net.www.http.HttpClient.openServer(HttpClient.java:378) ~[na:1.7.0_10]
	at sun.net.www.http.HttpClient.openServer(HttpClient.java:473) ~[na:1.7.0_10]
	at sun.net.www.protocol.https.HttpsClient.<init>(HttpsClient.java:270) ~[na:1.7.0_10]
	at sun.net.www.protocol.https.HttpsClient.New(HttpsClient.java:327) ~[na:1.7.0_10]
	at sun.net.www.protocol.https.AbstractDelegateHttpsURLConnection.getNewHttpClient(AbstractDelegateHttpsURLConnection.java:191) ~[na:1.7.0_10]
	at sun.net.www.protocol.http.HttpURLConnection.plainConnect(HttpURLConnection.java:931) ~[na:1.7.0_10]
	at sun.net.www.protocol.https.AbstractDelegateHttpsURLConnection.connect(AbstractDelegateHttpsURLConnection.java:177) ~[na:1.7.0_10]
	at sun.net.www.protocol.https.HttpsURLConnectionImpl.connect(HttpsURLConnectionImpl.java:153) ~[na:1.7.0_10]
	at com.google.gdata.client.http.HttpGDataRequest.execute(HttpGDataRequest.java:511) ~[gdata-core-1.0.jar:na]
	at com.google.gdata.client.http.GoogleGDataRequest.execute(GoogleGDataRequest.java:536) ~[gdata-core-1.0.jar:na]
	at com.google.gdata.client.Service.getFeed(Service.java:1135) ~[gdata-core-1.0.jar:1.47.1]
	at com.google.gdata.client.Service.getFeed(Service.java:998) ~[gdata-core-1.0.jar:1.47.1]
	at com.google.gdata.client.GoogleService.getFeed(GoogleService.java:645) ~[gdata-core-1.0.jar:1.47.1]
	at com.google.gdata.client.Service.getFeed(Service.java:1017) ~[gdata-core-1.0.jar:1.47.1]
	at com.fabyle.team.managing.Services.imp.CalendarServicesImp.searchCalendar(CalendarServicesImp.java:307) [classes/:na]
	at com.fabyle.team.managing.Services.imp.CalendarServicesImp.deleteCalendar(CalendarServicesImp.java:138) [classes/:na]
	at com.fabyle.team.managing.Services.ICalendarServiceTest.testDeleteCalendar(ICalendarServiceTest.java:45) [classes/:na]
	at sun.reflect.NativeMethodAccessorImpl.invoke0(Native Method) ~[na:1.7.0_10]
	at sun.reflect.NativeMethodAccessorImpl.invoke(NativeMethodAccessorImpl.java:57) ~[na:1.7.0_10]
	at sun.reflect.DelegatingMethodAccessorImpl.invoke(DelegatingMethodAccessorImpl.java:43) ~[na:1.7.0_10]
	at java.lang.reflect.Method.invoke(Method.java:601) ~[na:1.7.0_10]
	at junit.framework.TestCase.runTest(TestCase.java:164) [junit-3.8.2.jar:na]
	at junit.framework.TestCase.runBare(TestCase.java:130) [junit-3.8.2.jar:na]
	at junit.framework.TestResult$1.protect(TestResult.java:106) [junit-3.8.2.jar:na]
	at junit.framework.TestResult.runProtected(TestResult.java:124) [junit-3.8.2.jar:na]
	at junit.framework.TestResult.run(TestResult.java:109) [junit-3.8.2.jar:na]
	at junit.framework.TestCase.run(TestCase.java:120) [junit-3.8.2.jar:na]
	at org.eclipse.jdt.internal.junit.runner.junit3.JUnit3TestReference.run(JUnit3TestReference.java:130) [.cp/:na]
	at org.eclipse.jdt.internal.junit.runner.TestExecution.run(TestExecution.java:38) [.cp/:na]
	at org.eclipse.jdt.internal.junit.runner.RemoteTestRunner.runTests(RemoteTestRunner.java:467) [.cp/:na]
	at org.eclipse.jdt.internal.junit.runner.RemoteTestRunner.runTests(RemoteTestRunner.java:683) [.cp/:na]
	at org.eclipse.jdt.internal.junit.runner.RemoteTestRunner.run(RemoteTestRunner.java:390) [.cp/:na]
	at org.eclipse.jdt.internal.junit.runner.RemoteTestRunner.main(RemoteTestRunner.java:197) [.cp/:na]
2013-01-21 10:43:40,083 DEBUG [main] c.f.t.m.S.i.CalendarServicesImp [CalendarServicesImp.java:86] Anomalie à l'initialisation du Service Calendar
com.google.gdata.util.AuthenticationException: Error connecting with login URI
	at com.google.gdata.client.GoogleAuthTokenFactory.getAuthToken(GoogleAuthTokenFactory.java:549) ~[gdata-core-1.0.jar:1.47.1]
	at com.google.gdata.client.GoogleAuthTokenFactory.setUserCredentials(GoogleAuthTokenFactory.java:397) ~[gdata-core-1.0.jar:1.47.1]
	at com.google.gdata.client.GoogleService.setUserCredentials(GoogleService.java:364) ~[gdata-core-1.0.jar:1.47.1]
	at com.google.gdata.client.GoogleService.setUserCredentials(GoogleService.java:319) ~[gdata-core-1.0.jar:1.47.1]
	at com.google.gdata.client.GoogleService.setUserCredentials(GoogleService.java:303) ~[gdata-core-1.0.jar:1.47.1]
	at com.fabyle.team.managing.Services.imp.CalendarServicesImp.init(CalendarServicesImp.java:84) ~[classes/:na]
	at com.fabyle.team.managing.Services.ICalendarServiceTest.setUp(ICalendarServiceTest.java:30) [classes/:na]
	at junit.framework.TestCase.runBare(TestCase.java:128) [junit-3.8.2.jar:na]
	at junit.framework.TestResult$1.protect(TestResult.java:106) [junit-3.8.2.jar:na]
	at junit.framework.TestResult.runProtected(TestResult.java:124) [junit-3.8.2.jar:na]
	at junit.framework.TestResult.run(TestResult.java:109) [junit-3.8.2.jar:na]
	at junit.framework.TestCase.run(TestCase.java:120) [junit-3.8.2.jar:na]
	at org.eclipse.jdt.internal.junit.runner.junit3.JUnit3TestReference.run(JUnit3TestReference.java:130) [.cp/:na]
	at org.eclipse.jdt.internal.junit.runner.TestExecution.run(TestExecution.java:38) [.cp/:na]
	at org.eclipse.jdt.internal.junit.runner.RemoteTestRunner.runTests(RemoteTestRunner.java:467) [.cp/:na]
	at org.eclipse.jdt.internal.junit.runner.RemoteTestRunner.runTests(RemoteTestRunner.java:683) [.cp/:na]
	at org.eclipse.jdt.internal.junit.runner.RemoteTestRunner.run(RemoteTestRunner.java:390) [.cp/:na]
	at org.eclipse.jdt.internal.junit.runner.RemoteTestRunner.main(RemoteTestRunner.java:197) [.cp/:na]
Caused by: java.net.UnknownHostException: www.google.com
	at java.net.AbstractPlainSocketImpl.connect(AbstractPlainSocketImpl.java:178) ~[na:1.7.0_10]
	at java.net.PlainSocketImpl.connect(PlainSocketImpl.java:157) ~[na:1.7.0_10]
	at java.net.SocksSocketImpl.connect(SocksSocketImpl.java:391) ~[na:1.7.0_10]
	at java.net.Socket.connect(Socket.java:579) ~[na:1.7.0_10]
	at sun.security.ssl.SSLSocketImpl.connect(SSLSocketImpl.java:618) ~[na:1.7.0_10]
	at sun.security.ssl.BaseSSLSocketImpl.connect(BaseSSLSocketImpl.java:160) ~[na:1.7.0_10]
	at sun.net.NetworkClient.doConnect(NetworkClient.java:180) ~[na:1.7.0_10]
	at sun.net.www.http.HttpClient.openServer(HttpClient.java:378) ~[na:1.7.0_10]
	at sun.net.www.http.HttpClient.openServer(HttpClient.java:473) ~[na:1.7.0_10]
	at sun.net.www.protocol.https.HttpsClient.<init>(HttpsClient.java:270) ~[na:1.7.0_10]
	at sun.net.www.protocol.https.HttpsClient.New(HttpsClient.java:327) ~[na:1.7.0_10]
	at sun.net.www.protocol.https.AbstractDelegateHttpsURLConnection.getNewHttpClient(AbstractDelegateHttpsURLConnection.java:191) ~[na:1.7.0_10]
	at sun.net.www.protocol.http.HttpURLConnection.plainConnect(HttpURLConnection.java:931) ~[na:1.7.0_10]
	at sun.net.www.protocol.https.AbstractDelegateHttpsURLConnection.connect(AbstractDelegateHttpsURLConnection.java:177) ~[na:1.7.0_10]
	at sun.net.www.protocol.http.HttpURLConnection.getOutputStream(HttpURLConnection.java:1090) ~[na:1.7.0_10]
	at sun.net.www.protocol.https.HttpsURLConnectionImpl.getOutputStream(HttpsURLConnectionImpl.java:250) ~[na:1.7.0_10]
	at com.google.gdata.client.GoogleAuthTokenFactory.makePostRequest(GoogleAuthTokenFactory.java:611) ~[gdata-core-1.0.jar:1.47.1]
	at com.google.gdata.client.GoogleAuthTokenFactory.getAuthToken(GoogleAuthTokenFactory.java:547) ~[gdata-core-1.0.jar:1.47.1]
	... 17 common frames omitted
2013-01-21 10:43:40,104 INFO [main] c.f.t.m.S.i.CalendarServicesImp [CalendarServicesImp.java:137] suppression des calendriers de titre Xavier
2013-01-21 10:43:42,412 ERROR [main] c.f.t.m.S.i.CalendarServicesImp [CalendarServicesImp.java:316] Erreur lors de la recherche du calendrier
java.net.UnknownHostException: www.google.com
	at java.net.AbstractPlainSocketImpl.connect(AbstractPlainSocketImpl.java:178) ~[na:1.7.0_10]
	at java.net.PlainSocketImpl.connect(PlainSocketImpl.java:157) ~[na:1.7.0_10]
	at java.net.SocksSocketImpl.connect(SocksSocketImpl.java:391) ~[na:1.7.0_10]
	at java.net.Socket.connect(Socket.java:579) ~[na:1.7.0_10]
	at sun.security.ssl.SSLSocketImpl.connect(SSLSocketImpl.java:618) ~[na:1.7.0_10]
	at sun.security.ssl.BaseSSLSocketImpl.connect(BaseSSLSocketImpl.java:160) ~[na:1.7.0_10]
	at sun.net.NetworkClient.doConnect(NetworkClient.java:180) ~[na:1.7.0_10]
	at sun.net.www.http.HttpClient.openServer(HttpClient.java:378) ~[na:1.7.0_10]
	at sun.net.www.http.HttpClient.openServer(HttpClient.java:473) ~[na:1.7.0_10]
	at sun.net.www.protocol.https.HttpsClient.<init>(HttpsClient.java:270) ~[na:1.7.0_10]
	at sun.net.www.protocol.https.HttpsClient.New(HttpsClient.java:327) ~[na:1.7.0_10]
	at sun.net.www.protocol.https.AbstractDelegateHttpsURLConnection.getNewHttpClient(AbstractDelegateHttpsURLConnection.java:191) ~[na:1.7.0_10]
	at sun.net.www.protocol.http.HttpURLConnection.plainConnect(HttpURLConnection.java:931) ~[na:1.7.0_10]
	at sun.net.www.protocol.https.AbstractDelegateHttpsURLConnection.connect(AbstractDelegateHttpsURLConnection.java:177) ~[na:1.7.0_10]
	at sun.net.www.protocol.https.HttpsURLConnectionImpl.connect(HttpsURLConnectionImpl.java:153) ~[na:1.7.0_10]
	at com.google.gdata.client.http.HttpGDataRequest.execute(HttpGDataRequest.java:511) ~[gdata-core-1.0.jar:na]
	at com.google.gdata.client.http.GoogleGDataRequest.execute(GoogleGDataRequest.java:536) ~[gdata-core-1.0.jar:na]
	at com.google.gdata.client.Service.getFeed(Service.java:1135) ~[gdata-core-1.0.jar:1.47.1]
	at com.google.gdata.client.Service.getFeed(Service.java:998) ~[gdata-core-1.0.jar:1.47.1]
	at com.google.gdata.client.GoogleService.getFeed(GoogleService.java:645) ~[gdata-core-1.0.jar:1.47.1]
	at com.google.gdata.client.Service.getFeed(Service.java:1017) ~[gdata-core-1.0.jar:1.47.1]
	at com.fabyle.team.managing.Services.imp.CalendarServicesImp.searchCalendar(CalendarServicesImp.java:307) [classes/:na]
	at com.fabyle.team.managing.Services.imp.CalendarServicesImp.deleteCalendar(CalendarServicesImp.java:138) [classes/:na]
	at com.fabyle.team.managing.Services.ICalendarServiceTest.testDeleteCalendar(ICalendarServiceTest.java:45) [classes/:na]
	at sun.reflect.NativeMethodAccessorImpl.invoke0(Native Method) ~[na:1.7.0_10]
	at sun.reflect.NativeMethodAccessorImpl.invoke(NativeMethodAccessorImpl.java:57) ~[na:1.7.0_10]
	at sun.reflect.DelegatingMethodAccessorImpl.invoke(DelegatingMethodAccessorImpl.java:43) ~[na:1.7.0_10]
	at java.lang.reflect.Method.invoke(Method.java:601) ~[na:1.7.0_10]
	at junit.framework.TestCase.runTest(TestCase.java:164) [junit-3.8.2.jar:na]
	at junit.framework.TestCase.runBare(TestCase.java:130) [junit-3.8.2.jar:na]
	at junit.framework.TestResult$1.protect(TestResult.java:106) [junit-3.8.2.jar:na]
	at junit.framework.TestResult.runProtected(TestResult.java:124) [junit-3.8.2.jar:na]
	at junit.framework.TestResult.run(TestResult.java:109) [junit-3.8.2.jar:na]
	at junit.framework.TestCase.run(TestCase.java:120) [junit-3.8.2.jar:na]
	at org.eclipse.jdt.internal.junit.runner.junit3.JUnit3TestReference.run(JUnit3TestReference.java:130) [.cp/:na]
	at org.eclipse.jdt.internal.junit.runner.TestExecution.run(TestExecution.java:38) [.cp/:na]
	at org.eclipse.jdt.internal.junit.runner.RemoteTestRunner.runTests(RemoteTestRunner.java:467) [.cp/:na]
	at org.eclipse.jdt.internal.junit.runner.RemoteTestRunner.runTests(RemoteTestRunner.java:683) [.cp/:na]
	at org.eclipse.jdt.internal.junit.runner.RemoteTestRunner.run(RemoteTestRunner.java:390) [.cp/:na]
	at org.eclipse.jdt.internal.junit.runner.RemoteTestRunner.main(RemoteTestRunner.java:197) [.cp/:na]
2013-01-21 10:45:14,186 DEBUG [main] c.f.t.m.S.i.CalendarServicesImp [CalendarServicesImp.java:86] Anomalie à l'initialisation du Service Calendar
com.google.gdata.util.AuthenticationException: Error connecting with login URI
	at com.google.gdata.client.GoogleAuthTokenFactory.getAuthToken(GoogleAuthTokenFactory.java:549) ~[gdata-core-1.0.jar:1.47.1]
	at com.google.gdata.client.GoogleAuthTokenFactory.setUserCredentials(GoogleAuthTokenFactory.java:397) ~[gdata-core-1.0.jar:1.47.1]
	at com.google.gdata.client.GoogleService.setUserCredentials(GoogleService.java:364) ~[gdata-core-1.0.jar:1.47.1]
	at com.google.gdata.client.GoogleService.setUserCredentials(GoogleService.java:319) ~[gdata-core-1.0.jar:1.47.1]
	at com.google.gdata.client.GoogleService.setUserCredentials(GoogleService.java:303) ~[gdata-core-1.0.jar:1.47.1]
	at com.fabyle.team.managing.Services.imp.CalendarServicesImp.init(CalendarServicesImp.java:84) ~[classes/:na]
	at com.fabyle.team.managing.Services.ICalendarServiceTest.setUp(ICalendarServiceTest.java:30) [classes/:na]
	at junit.framework.TestCase.runBare(TestCase.java:128) [junit-3.8.2.jar:na]
	at junit.framework.TestResult$1.protect(TestResult.java:106) [junit-3.8.2.jar:na]
	at junit.framework.TestResult.runProtected(TestResult.java:124) [junit-3.8.2.jar:na]
	at junit.framework.TestResult.run(TestResult.java:109) [junit-3.8.2.jar:na]
	at junit.framework.TestCase.run(TestCase.java:120) [junit-3.8.2.jar:na]
	at org.eclipse.jdt.internal.junit.runner.junit3.JUnit3TestReference.run(JUnit3TestReference.java:130) [.cp/:na]
	at org.eclipse.jdt.internal.junit.runner.TestExecution.run(TestExecution.java:38) [.cp/:na]
	at org.eclipse.jdt.internal.junit.runner.RemoteTestRunner.runTests(RemoteTestRunner.java:467) [.cp/:na]
	at org.eclipse.jdt.internal.junit.runner.RemoteTestRunner.runTests(RemoteTestRunner.java:683) [.cp/:na]
	at org.eclipse.jdt.internal.junit.runner.RemoteTestRunner.run(RemoteTestRunner.java:390) [.cp/:na]
	at org.eclipse.jdt.internal.junit.runner.RemoteTestRunner.main(RemoteTestRunner.java:197) [.cp/:na]
Caused by: java.net.UnknownHostException: www.google.com
	at java.net.AbstractPlainSocketImpl.connect(AbstractPlainSocketImpl.java:178) ~[na:1.7.0_10]
	at java.net.PlainSocketImpl.connect(PlainSocketImpl.java:157) ~[na:1.7.0_10]
	at java.net.SocksSocketImpl.connect(SocksSocketImpl.java:391) ~[na:1.7.0_10]
	at java.net.Socket.connect(Socket.java:579) ~[na:1.7.0_10]
	at sun.security.ssl.SSLSocketImpl.connect(SSLSocketImpl.java:618) ~[na:1.7.0_10]
	at sun.security.ssl.BaseSSLSocketImpl.connect(BaseSSLSocketImpl.java:160) ~[na:1.7.0_10]
	at sun.net.NetworkClient.doConnect(NetworkClient.java:180) ~[na:1.7.0_10]
	at sun.net.www.http.HttpClient.openServer(HttpClient.java:378) ~[na:1.7.0_10]
	at sun.net.www.http.HttpClient.openServer(HttpClient.java:473) ~[na:1.7.0_10]
	at sun.net.www.protocol.https.HttpsClient.<init>(HttpsClient.java:270) ~[na:1.7.0_10]
	at sun.net.www.protocol.https.HttpsClient.New(HttpsClient.java:327) ~[na:1.7.0_10]
	at sun.net.www.protocol.https.AbstractDelegateHttpsURLConnection.getNewHttpClient(AbstractDelegateHttpsURLConnection.java:191) ~[na:1.7.0_10]
	at sun.net.www.protocol.http.HttpURLConnection.plainConnect(HttpURLConnection.java:931) ~[na:1.7.0_10]
	at sun.net.www.protocol.https.AbstractDelegateHttpsURLConnection.connect(AbstractDelegateHttpsURLConnection.java:177) ~[na:1.7.0_10]
	at sun.net.www.protocol.http.HttpURLConnection.getOutputStream(HttpURLConnection.java:1090) ~[na:1.7.0_10]
	at sun.net.www.protocol.https.HttpsURLConnectionImpl.getOutputStream(HttpsURLConnectionImpl.java:250) ~[na:1.7.0_10]
	at com.google.gdata.client.GoogleAuthTokenFactory.makePostRequest(GoogleAuthTokenFactory.java:611) ~[gdata-core-1.0.jar:1.47.1]
	at com.google.gdata.client.GoogleAuthTokenFactory.getAuthToken(GoogleAuthTokenFactory.java:547) ~[gdata-core-1.0.jar:1.47.1]
	... 17 common frames omitted
2013-01-21 10:45:14,198 INFO [main] c.f.t.m.S.i.CalendarServicesImp [CalendarServicesImp.java:140] suppression des calendriers de titre Xavier
2013-01-21 10:45:14,236 ERROR [main] c.f.t.m.S.i.CalendarServicesImp [CalendarServicesImp.java:319] Erreur lors de la recherche du calendrier
java.net.UnknownHostException: www.google.com
	at java.net.AbstractPlainSocketImpl.connect(AbstractPlainSocketImpl.java:178) ~[na:1.7.0_10]
	at java.net.PlainSocketImpl.connect(PlainSocketImpl.java:157) ~[na:1.7.0_10]
	at java.net.SocksSocketImpl.connect(SocksSocketImpl.java:391) ~[na:1.7.0_10]
	at java.net.Socket.connect(Socket.java:579) ~[na:1.7.0_10]
	at sun.security.ssl.SSLSocketImpl.connect(SSLSocketImpl.java:618) ~[na:1.7.0_10]
	at sun.security.ssl.BaseSSLSocketImpl.connect(BaseSSLSocketImpl.java:160) ~[na:1.7.0_10]
	at sun.net.NetworkClient.doConnect(NetworkClient.java:180) ~[na:1.7.0_10]
	at sun.net.www.http.HttpClient.openServer(HttpClient.java:378) ~[na:1.7.0_10]
	at sun.net.www.http.HttpClient.openServer(HttpClient.java:473) ~[na:1.7.0_10]
	at sun.net.www.protocol.https.HttpsClient.<init>(HttpsClient.java:270) ~[na:1.7.0_10]
	at sun.net.www.protocol.https.HttpsClient.New(HttpsClient.java:327) ~[na:1.7.0_10]
	at sun.net.www.protocol.https.AbstractDelegateHttpsURLConnection.getNewHttpClient(AbstractDelegateHttpsURLConnection.java:191) ~[na:1.7.0_10]
	at sun.net.www.protocol.http.HttpURLConnection.plainConnect(HttpURLConnection.java:931) ~[na:1.7.0_10]
	at sun.net.www.protocol.https.AbstractDelegateHttpsURLConnection.connect(AbstractDelegateHttpsURLConnection.java:177) ~[na:1.7.0_10]
	at sun.net.www.protocol.https.HttpsURLConnectionImpl.connect(HttpsURLConnectionImpl.java:153) ~[na:1.7.0_10]
	at com.google.gdata.client.http.HttpGDataRequest.execute(HttpGDataRequest.java:511) ~[gdata-core-1.0.jar:na]
	at com.google.gdata.client.http.GoogleGDataRequest.execute(GoogleGDataRequest.java:536) ~[gdata-core-1.0.jar:na]
	at com.google.gdata.client.Service.getFeed(Service.java:1135) ~[gdata-core-1.0.jar:1.47.1]
	at com.google.gdata.client.Service.getFeed(Service.java:998) ~[gdata-core-1.0.jar:1.47.1]
	at com.google.gdata.client.GoogleService.getFeed(GoogleService.java:645) ~[gdata-core-1.0.jar:1.47.1]
	at com.google.gdata.client.Service.getFeed(Service.java:1017) ~[gdata-core-1.0.jar:1.47.1]
	at com.fabyle.team.managing.Services.imp.CalendarServicesImp.searchCalendar(CalendarServicesImp.java:310) [classes/:na]
	at com.fabyle.team.managing.Services.imp.CalendarServicesImp.deleteCalendar(CalendarServicesImp.java:141) [classes/:na]
	at com.fabyle.team.managing.Services.ICalendarServiceTest.testDeleteCalendar(ICalendarServiceTest.java:45) [classes/:na]
	at sun.reflect.NativeMethodAccessorImpl.invoke0(Native Method) ~[na:1.7.0_10]
	at sun.reflect.NativeMethodAccessorImpl.invoke(NativeMethodAccessorImpl.java:57) ~[na:1.7.0_10]
	at sun.reflect.DelegatingMethodAccessorImpl.invoke(DelegatingMethodAccessorImpl.java:43) ~[na:1.7.0_10]
	at java.lang.reflect.Method.invoke(Method.java:601) ~[na:1.7.0_10]
	at junit.framework.TestCase.runTest(TestCase.java:164) [junit-3.8.2.jar:na]
	at junit.framework.TestCase.runBare(TestCase.java:130) [junit-3.8.2.jar:na]
	at junit.framework.TestResult$1.protect(TestResult.java:106) [junit-3.8.2.jar:na]
	at junit.framework.TestResult.runProtected(TestResult.java:124) [junit-3.8.2.jar:na]
	at junit.framework.TestResult.run(TestResult.java:109) [junit-3.8.2.jar:na]
	at junit.framework.TestCase.run(TestCase.java:120) [junit-3.8.2.jar:na]
	at org.eclipse.jdt.internal.junit.runner.junit3.JUnit3TestReference.run(JUnit3TestReference.java:130) [.cp/:na]
	at org.eclipse.jdt.internal.junit.runner.TestExecution.run(TestExecution.java:38) [.cp/:na]
	at org.eclipse.jdt.internal.junit.runner.RemoteTestRunner.runTests(RemoteTestRunner.java:467) [.cp/:na]
	at org.eclipse.jdt.internal.junit.runner.RemoteTestRunner.runTests(RemoteTestRunner.java:683) [.cp/:na]
	at org.eclipse.jdt.internal.junit.runner.RemoteTestRunner.run(RemoteTestRunner.java:390) [.cp/:na]
	at org.eclipse.jdt.internal.junit.runner.RemoteTestRunner.main(RemoteTestRunner.java:197) [.cp/:na]
2013-01-21 10:50:25,509 DEBUG [main] c.f.t.m.S.i.CalendarServicesImp [CalendarServicesImp.java:86] Anomalie à l'initialisation du Service Calendar
com.google.gdata.util.AuthenticationException: Error connecting with login URI
	at com.google.gdata.client.GoogleAuthTokenFactory.getAuthToken(GoogleAuthTokenFactory.java:549) ~[gdata-core-1.0.jar:1.47.1]
	at com.google.gdata.client.GoogleAuthTokenFactory.setUserCredentials(GoogleAuthTokenFactory.java:397) ~[gdata-core-1.0.jar:1.47.1]
	at com.google.gdata.client.GoogleService.setUserCredentials(GoogleService.java:364) ~[gdata-core-1.0.jar:1.47.1]
	at com.google.gdata.client.GoogleService.setUserCredentials(GoogleService.java:319) ~[gdata-core-1.0.jar:1.47.1]
	at com.google.gdata.client.GoogleService.setUserCredentials(GoogleService.java:303) ~[gdata-core-1.0.jar:1.47.1]
	at com.fabyle.team.managing.Services.imp.CalendarServicesImp.init(CalendarServicesImp.java:84) ~[classes/:na]
	at com.fabyle.team.managing.Services.ICalendarServiceTest.setUp(ICalendarServiceTest.java:30) [classes/:na]
	at junit.framework.TestCase.runBare(TestCase.java:128) [junit-3.8.2.jar:na]
	at junit.framework.TestResult$1.protect(TestResult.java:106) [junit-3.8.2.jar:na]
	at junit.framework.TestResult.runProtected(TestResult.java:124) [junit-3.8.2.jar:na]
	at junit.framework.TestResult.run(TestResult.java:109) [junit-3.8.2.jar:na]
	at junit.framework.TestCase.run(TestCase.java:120) [junit-3.8.2.jar:na]
	at org.eclipse.jdt.internal.junit.runner.junit3.JUnit3TestReference.run(JUnit3TestReference.java:130) [.cp/:na]
	at org.eclipse.jdt.internal.junit.runner.TestExecution.run(TestExecution.java:38) [.cp/:na]
	at org.eclipse.jdt.internal.junit.runner.RemoteTestRunner.runTests(RemoteTestRunner.java:467) [.cp/:na]
	at org.eclipse.jdt.internal.junit.runner.RemoteTestRunner.runTests(RemoteTestRunner.java:683) [.cp/:na]
	at org.eclipse.jdt.internal.junit.runner.RemoteTestRunner.run(RemoteTestRunner.java:390) [.cp/:na]
	at org.eclipse.jdt.internal.junit.runner.RemoteTestRunner.main(RemoteTestRunner.java:197) [.cp/:na]
Caused by: java.net.UnknownHostException: www.google.com
	at java.net.AbstractPlainSocketImpl.connect(AbstractPlainSocketImpl.java:178) ~[na:1.7.0_10]
	at java.net.PlainSocketImpl.connect(PlainSocketImpl.java:157) ~[na:1.7.0_10]
	at java.net.SocksSocketImpl.connect(SocksSocketImpl.java:391) ~[na:1.7.0_10]
	at java.net.Socket.connect(Socket.java:579) ~[na:1.7.0_10]
	at sun.security.ssl.SSLSocketImpl.connect(SSLSocketImpl.java:618) ~[na:1.7.0_10]
	at sun.security.ssl.BaseSSLSocketImpl.connect(BaseSSLSocketImpl.java:160) ~[na:1.7.0_10]
	at sun.net.NetworkClient.doConnect(NetworkClient.java:180) ~[na:1.7.0_10]
	at sun.net.www.http.HttpClient.openServer(HttpClient.java:378) ~[na:1.7.0_10]
	at sun.net.www.http.HttpClient.openServer(HttpClient.java:473) ~[na:1.7.0_10]
	at sun.net.www.protocol.https.HttpsClient.<init>(HttpsClient.java:270) ~[na:1.7.0_10]
	at sun.net.www.protocol.https.HttpsClient.New(HttpsClient.java:327) ~[na:1.7.0_10]
	at sun.net.www.protocol.https.AbstractDelegateHttpsURLConnection.getNewHttpClient(AbstractDelegateHttpsURLConnection.java:191) ~[na:1.7.0_10]
	at sun.net.www.protocol.http.HttpURLConnection.plainConnect(HttpURLConnection.java:931) ~[na:1.7.0_10]
	at sun.net.www.protocol.https.AbstractDelegateHttpsURLConnection.connect(AbstractDelegateHttpsURLConnection.java:177) ~[na:1.7.0_10]
	at sun.net.www.protocol.http.HttpURLConnection.getOutputStream(HttpURLConnection.java:1090) ~[na:1.7.0_10]
	at sun.net.www.protocol.https.HttpsURLConnectionImpl.getOutputStream(HttpsURLConnectionImpl.java:250) ~[na:1.7.0_10]
	at com.google.gdata.client.GoogleAuthTokenFactory.makePostRequest(GoogleAuthTokenFactory.java:611) ~[gdata-core-1.0.jar:1.47.1]
	at com.google.gdata.client.GoogleAuthTokenFactory.getAuthToken(GoogleAuthTokenFactory.java:547) ~[gdata-core-1.0.jar:1.47.1]
	... 17 common frames omitted
2013-01-21 10:50:25,521 INFO [main] c.f.t.m.S.i.CalendarServicesImp [CalendarServicesImp.java:140] suppression des calendriers de titre Xavier
2013-01-21 10:50:25,558 ERROR [main] c.f.t.m.S.i.CalendarServicesImp [CalendarServicesImp.java:319] Erreur lors de la recherche du calendrier
java.net.UnknownHostException: www.google.com
	at java.net.AbstractPlainSocketImpl.connect(AbstractPlainSocketImpl.java:178) ~[na:1.7.0_10]
	at java.net.PlainSocketImpl.connect(PlainSocketImpl.java:157) ~[na:1.7.0_10]
	at java.net.SocksSocketImpl.connect(SocksSocketImpl.java:391) ~[na:1.7.0_10]
	at java.net.Socket.connect(Socket.java:579) ~[na:1.7.0_10]
	at sun.security.ssl.SSLSocketImpl.connect(SSLSocketImpl.java:618) ~[na:1.7.0_10]
	at sun.security.ssl.BaseSSLSocketImpl.connect(BaseSSLSocketImpl.java:160) ~[na:1.7.0_10]
	at sun.net.NetworkClient.doConnect(NetworkClient.java:180) ~[na:1.7.0_10]
	at sun.net.www.http.HttpClient.openServer(HttpClient.java:378) ~[na:1.7.0_10]
	at sun.net.www.http.HttpClient.openServer(HttpClient.java:473) ~[na:1.7.0_10]
	at sun.net.www.protocol.https.HttpsClient.<init>(HttpsClient.java:270) ~[na:1.7.0_10]
	at sun.net.www.protocol.https.HttpsClient.New(HttpsClient.java:327) ~[na:1.7.0_10]
	at sun.net.www.protocol.https.AbstractDelegateHttpsURLConnection.getNewHttpClient(AbstractDelegateHttpsURLConnection.java:191) ~[na:1.7.0_10]
	at sun.net.www.protocol.http.HttpURLConnection.plainConnect(HttpURLConnection.java:931) ~[na:1.7.0_10]
	at sun.net.www.protocol.https.AbstractDelegateHttpsURLConnection.connect(AbstractDelegateHttpsURLConnection.java:177) ~[na:1.7.0_10]
	at sun.net.www.protocol.https.HttpsURLConnectionImpl.connect(HttpsURLConnectionImpl.java:153) ~[na:1.7.0_10]
	at com.google.gdata.client.http.HttpGDataRequest.execute(HttpGDataRequest.java:511) ~[gdata-core-1.0.jar:na]
	at com.google.gdata.client.http.GoogleGDataRequest.execute(GoogleGDataRequest.java:536) ~[gdata-core-1.0.jar:na]
	at com.google.gdata.client.Service.getFeed(Service.java:1135) ~[gdata-core-1.0.jar:1.47.1]
	at com.google.gdata.client.Service.getFeed(Service.java:998) ~[gdata-core-1.0.jar:1.47.1]
	at com.google.gdata.client.GoogleService.getFeed(GoogleService.java:645) ~[gdata-core-1.0.jar:1.47.1]
	at com.google.gdata.client.Service.getFeed(Service.java:1017) ~[gdata-core-1.0.jar:1.47.1]
	at com.fabyle.team.managing.Services.imp.CalendarServicesImp.searchCalendar(CalendarServicesImp.java:310) [classes/:na]
	at com.fabyle.team.managing.Services.imp.CalendarServicesImp.deleteCalendar(CalendarServicesImp.java:141) [classes/:na]
	at com.fabyle.team.managing.Services.ICalendarServiceTest.testDeleteCalendar(ICalendarServiceTest.java:45) [classes/:na]
	at sun.reflect.NativeMethodAccessorImpl.invoke0(Native Method) ~[na:1.7.0_10]
	at sun.reflect.NativeMethodAccessorImpl.invoke(NativeMethodAccessorImpl.java:57) ~[na:1.7.0_10]
	at sun.reflect.DelegatingMethodAccessorImpl.invoke(DelegatingMethodAccessorImpl.java:43) ~[na:1.7.0_10]
	at java.lang.reflect.Method.invoke(Method.java:601) ~[na:1.7.0_10]
	at junit.framework.TestCase.runTest(TestCase.java:164) [junit-3.8.2.jar:na]
	at junit.framework.TestCase.runBare(TestCase.java:130) [junit-3.8.2.jar:na]
	at junit.framework.TestResult$1.protect(TestResult.java:106) [junit-3.8.2.jar:na]
	at junit.framework.TestResult.runProtected(TestResult.java:124) [junit-3.8.2.jar:na]
	at junit.framework.TestResult.run(TestResult.java:109) [junit-3.8.2.jar:na]
	at junit.framework.TestCase.run(TestCase.java:120) [junit-3.8.2.jar:na]
	at org.eclipse.jdt.internal.junit.runner.junit3.JUnit3TestReference.run(JUnit3TestReference.java:130) [.cp/:na]
	at org.eclipse.jdt.internal.junit.runner.TestExecution.run(TestExecution.java:38) [.cp/:na]
	at org.eclipse.jdt.internal.junit.runner.RemoteTestRunner.runTests(RemoteTestRunner.java:467) [.cp/:na]
	at org.eclipse.jdt.internal.junit.runner.RemoteTestRunner.runTests(RemoteTestRunner.java:683) [.cp/:na]
	at org.eclipse.jdt.internal.junit.runner.RemoteTestRunner.run(RemoteTestRunner.java:390) [.cp/:na]
	at org.eclipse.jdt.internal.junit.runner.RemoteTestRunner.main(RemoteTestRunner.java:197) [.cp/:na]
2013-01-21 10:55:50,011 DEBUG [main] c.f.t.m.S.i.CalendarServicesImp [CalendarServicesImp.java:86] Anomalie à l'initialisation du Service Calendar
com.google.gdata.util.AuthenticationException: Error connecting with login URI
	at com.google.gdata.client.GoogleAuthTokenFactory.getAuthToken(GoogleAuthTokenFactory.java:549) ~[gdata-core-1.0.jar:1.47.1]
	at com.google.gdata.client.GoogleAuthTokenFactory.setUserCredentials(GoogleAuthTokenFactory.java:397) ~[gdata-core-1.0.jar:1.47.1]
	at com.google.gdata.client.GoogleService.setUserCredentials(GoogleService.java:364) ~[gdata-core-1.0.jar:1.47.1]
	at com.google.gdata.client.GoogleService.setUserCredentials(GoogleService.java:319) ~[gdata-core-1.0.jar:1.47.1]
	at com.google.gdata.client.GoogleService.setUserCredentials(GoogleService.java:303) ~[gdata-core-1.0.jar:1.47.1]
	at com.fabyle.team.managing.Services.imp.CalendarServicesImp.init(CalendarServicesImp.java:84) ~[classes/:na]
	at com.fabyle.team.managing.Services.ICalendarServiceTest.setUp(ICalendarServiceTest.java:34) [classes/:na]
	at junit.framework.TestCase.runBare(TestCase.java:128) [junit-3.8.2.jar:na]
	at junit.framework.TestResult$1.protect(TestResult.java:106) [junit-3.8.2.jar:na]
	at junit.framework.TestResult.runProtected(TestResult.java:124) [junit-3.8.2.jar:na]
	at junit.framework.TestResult.run(TestResult.java:109) [junit-3.8.2.jar:na]
	at junit.framework.TestCase.run(TestCase.java:120) [junit-3.8.2.jar:na]
	at org.eclipse.jdt.internal.junit.runner.junit3.JUnit3TestReference.run(JUnit3TestReference.java:130) [.cp/:na]
	at org.eclipse.jdt.internal.junit.runner.TestExecution.run(TestExecution.java:38) [.cp/:na]
	at org.eclipse.jdt.internal.junit.runner.RemoteTestRunner.runTests(RemoteTestRunner.java:467) [.cp/:na]
	at org.eclipse.jdt.internal.junit.runner.RemoteTestRunner.runTests(RemoteTestRunner.java:683) [.cp/:na]
	at org.eclipse.jdt.internal.junit.runner.RemoteTestRunner.run(RemoteTestRunner.java:390) [.cp/:na]
	at org.eclipse.jdt.internal.junit.runner.RemoteTestRunner.main(RemoteTestRunner.java:197) [.cp/:na]
Caused by: java.net.UnknownHostException: www.google.com
	at java.net.AbstractPlainSocketImpl.connect(AbstractPlainSocketImpl.java:178) ~[na:1.7.0_10]
	at java.net.PlainSocketImpl.connect(PlainSocketImpl.java:157) ~[na:1.7.0_10]
	at java.net.SocksSocketImpl.connect(SocksSocketImpl.java:391) ~[na:1.7.0_10]
	at java.net.Socket.connect(Socket.java:579) ~[na:1.7.0_10]
	at sun.security.ssl.SSLSocketImpl.connect(SSLSocketImpl.java:618) ~[na:1.7.0_10]
	at sun.security.ssl.BaseSSLSocketImpl.connect(BaseSSLSocketImpl.java:160) ~[na:1.7.0_10]
	at sun.net.NetworkClient.doConnect(NetworkClient.java:180) ~[na:1.7.0_10]
	at sun.net.www.http.HttpClient.openServer(HttpClient.java:378) ~[na:1.7.0_10]
	at sun.net.www.http.HttpClient.openServer(HttpClient.java:473) ~[na:1.7.0_10]
	at sun.net.www.protocol.https.HttpsClient.<init>(HttpsClient.java:270) ~[na:1.7.0_10]
	at sun.net.www.protocol.https.HttpsClient.New(HttpsClient.java:327) ~[na:1.7.0_10]
	at sun.net.www.protocol.https.AbstractDelegateHttpsURLConnection.getNewHttpClient(AbstractDelegateHttpsURLConnection.java:191) ~[na:1.7.0_10]
	at sun.net.www.protocol.http.HttpURLConnection.plainConnect(HttpURLConnection.java:931) ~[na:1.7.0_10]
	at sun.net.www.protocol.https.AbstractDelegateHttpsURLConnection.connect(AbstractDelegateHttpsURLConnection.java:177) ~[na:1.7.0_10]
	at sun.net.www.protocol.http.HttpURLConnection.getOutputStream(HttpURLConnection.java:1090) ~[na:1.7.0_10]
	at sun.net.www.protocol.https.HttpsURLConnectionImpl.getOutputStream(HttpsURLConnectionImpl.java:250) ~[na:1.7.0_10]
	at com.google.gdata.client.GoogleAuthTokenFactory.makePostRequest(GoogleAuthTokenFactory.java:611) ~[gdata-core-1.0.jar:1.47.1]
	at com.google.gdata.client.GoogleAuthTokenFactory.getAuthToken(GoogleAuthTokenFactory.java:547) ~[gdata-core-1.0.jar:1.47.1]
	... 17 common frames omitted
2013-01-21 10:55:50,025 INFO [main] c.f.t.m.S.i.CalendarServicesImp [CalendarServicesImp.java:140] suppression des calendriers de titre Xavier
2013-01-21 10:55:50,060 ERROR [main] c.f.t.m.S.i.CalendarServicesImp [CalendarServicesImp.java:319] Erreur lors de la recherche du calendrier
java.net.UnknownHostException: www.google.com
	at java.net.AbstractPlainSocketImpl.connect(AbstractPlainSocketImpl.java:178) ~[na:1.7.0_10]
	at java.net.PlainSocketImpl.connect(PlainSocketImpl.java:157) ~[na:1.7.0_10]
	at java.net.SocksSocketImpl.connect(SocksSocketImpl.java:391) ~[na:1.7.0_10]
	at java.net.Socket.connect(Socket.java:579) ~[na:1.7.0_10]
	at sun.security.ssl.SSLSocketImpl.connect(SSLSocketImpl.java:618) ~[na:1.7.0_10]
	at sun.security.ssl.BaseSSLSocketImpl.connect(BaseSSLSocketImpl.java:160) ~[na:1.7.0_10]
	at sun.net.NetworkClient.doConnect(NetworkClient.java:180) ~[na:1.7.0_10]
	at sun.net.www.http.HttpClient.openServer(HttpClient.java:378) ~[na:1.7.0_10]
	at sun.net.www.http.HttpClient.openServer(HttpClient.java:473) ~[na:1.7.0_10]
	at sun.net.www.protocol.https.HttpsClient.<init>(HttpsClient.java:270) ~[na:1.7.0_10]
	at sun.net.www.protocol.https.HttpsClient.New(HttpsClient.java:327) ~[na:1.7.0_10]
	at sun.net.www.protocol.https.AbstractDelegateHttpsURLConnection.getNewHttpClient(AbstractDelegateHttpsURLConnection.java:191) ~[na:1.7.0_10]
	at sun.net.www.protocol.http.HttpURLConnection.plainConnect(HttpURLConnection.java:931) ~[na:1.7.0_10]
	at sun.net.www.protocol.https.AbstractDelegateHttpsURLConnection.connect(AbstractDelegateHttpsURLConnection.java:177) ~[na:1.7.0_10]
	at sun.net.www.protocol.https.HttpsURLConnectionImpl.connect(HttpsURLConnectionImpl.java:153) ~[na:1.7.0_10]
	at com.google.gdata.client.http.HttpGDataRequest.execute(HttpGDataRequest.java:511) ~[gdata-core-1.0.jar:na]
	at com.google.gdata.client.http.GoogleGDataRequest.execute(GoogleGDataRequest.java:536) ~[gdata-core-1.0.jar:na]
	at com.google.gdata.client.Service.getFeed(Service.java:1135) ~[gdata-core-1.0.jar:1.47.1]
	at com.google.gdata.client.Service.getFeed(Service.java:998) ~[gdata-core-1.0.jar:1.47.1]
	at com.google.gdata.client.GoogleService.getFeed(GoogleService.java:645) ~[gdata-core-1.0.jar:1.47.1]
	at com.google.gdata.client.Service.getFeed(Service.java:1017) ~[gdata-core-1.0.jar:1.47.1]
	at com.fabyle.team.managing.Services.imp.CalendarServicesImp.searchCalendar(CalendarServicesImp.java:310) [classes/:na]
	at com.fabyle.team.managing.Services.imp.CalendarServicesImp.deleteCalendar(CalendarServicesImp.java:141) [classes/:na]
	at com.fabyle.team.managing.Services.ICalendarServiceTest.testDeleteCalendar(ICalendarServiceTest.java:49) [classes/:na]
	at sun.reflect.NativeMethodAccessorImpl.invoke0(Native Method) ~[na:1.7.0_10]
	at sun.reflect.NativeMethodAccessorImpl.invoke(NativeMethodAccessorImpl.java:57) ~[na:1.7.0_10]
	at sun.reflect.DelegatingMethodAccessorImpl.invoke(DelegatingMethodAccessorImpl.java:43) ~[na:1.7.0_10]
	at java.lang.reflect.Method.invoke(Method.java:601) ~[na:1.7.0_10]
	at junit.framework.TestCase.runTest(TestCase.java:164) [junit-3.8.2.jar:na]
	at junit.framework.TestCase.runBare(TestCase.java:130) [junit-3.8.2.jar:na]
	at junit.framework.TestResult$1.protect(TestResult.java:106) [junit-3.8.2.jar:na]
	at junit.framework.TestResult.runProtected(TestResult.java:124) [junit-3.8.2.jar:na]
	at junit.framework.TestResult.run(TestResult.java:109) [junit-3.8.2.jar:na]
	at junit.framework.TestCase.run(TestCase.java:120) [junit-3.8.2.jar:na]
	at org.eclipse.jdt.internal.junit.runner.junit3.JUnit3TestReference.run(JUnit3TestReference.java:130) [.cp/:na]
	at org.eclipse.jdt.internal.junit.runner.TestExecution.run(TestExecution.java:38) [.cp/:na]
	at org.eclipse.jdt.internal.junit.runner.RemoteTestRunner.runTests(RemoteTestRunner.java:467) [.cp/:na]
	at org.eclipse.jdt.internal.junit.runner.RemoteTestRunner.runTests(RemoteTestRunner.java:683) [.cp/:na]
	at org.eclipse.jdt.internal.junit.runner.RemoteTestRunner.run(RemoteTestRunner.java:390) [.cp/:na]
	at org.eclipse.jdt.internal.junit.runner.RemoteTestRunner.main(RemoteTestRunner.java:197) [.cp/:na]
2013-01-21 10:56:33,003 DEBUG [main] c.f.t.m.S.i.CalendarServicesImp [CalendarServicesImp.java:86] Anomalie à l'initialisation du Service Calendar
com.google.gdata.util.AuthenticationException: Error connecting with login URI
	at com.google.gdata.client.GoogleAuthTokenFactory.getAuthToken(GoogleAuthTokenFactory.java:549) ~[gdata-core-1.0.jar:1.47.1]
	at com.google.gdata.client.GoogleAuthTokenFactory.setUserCredentials(GoogleAuthTokenFactory.java:397) ~[gdata-core-1.0.jar:1.47.1]
	at com.google.gdata.client.GoogleService.setUserCredentials(GoogleService.java:364) ~[gdata-core-1.0.jar:1.47.1]
	at com.google.gdata.client.GoogleService.setUserCredentials(GoogleService.java:319) ~[gdata-core-1.0.jar:1.47.1]
	at com.google.gdata.client.GoogleService.setUserCredentials(GoogleService.java:303) ~[gdata-core-1.0.jar:1.47.1]
	at com.fabyle.team.managing.Services.imp.CalendarServicesImp.init(CalendarServicesImp.java:84) ~[classes/:na]
	at com.fabyle.team.managing.Services.ICalendarServiceTest.setUp(ICalendarServiceTest.java:34) [classes/:na]
	at junit.framework.TestCase.runBare(TestCase.java:128) [junit-3.8.2.jar:na]
	at junit.framework.TestResult$1.protect(TestResult.java:106) [junit-3.8.2.jar:na]
	at junit.framework.TestResult.runProtected(TestResult.java:124) [junit-3.8.2.jar:na]
	at junit.framework.TestResult.run(TestResult.java:109) [junit-3.8.2.jar:na]
	at junit.framework.TestCase.run(TestCase.java:120) [junit-3.8.2.jar:na]
	at org.eclipse.jdt.internal.junit.runner.junit3.JUnit3TestReference.run(JUnit3TestReference.java:130) [.cp/:na]
	at org.eclipse.jdt.internal.junit.runner.TestExecution.run(TestExecution.java:38) [.cp/:na]
	at org.eclipse.jdt.internal.junit.runner.RemoteTestRunner.runTests(RemoteTestRunner.java:467) [.cp/:na]
	at org.eclipse.jdt.internal.junit.runner.RemoteTestRunner.runTests(RemoteTestRunner.java:683) [.cp/:na]
	at org.eclipse.jdt.internal.junit.runner.RemoteTestRunner.run(RemoteTestRunner.java:390) [.cp/:na]
	at org.eclipse.jdt.internal.junit.runner.RemoteTestRunner.main(RemoteTestRunner.java:197) [.cp/:na]
Caused by: java.net.UnknownHostException: www.google.com
	at java.net.AbstractPlainSocketImpl.connect(AbstractPlainSocketImpl.java:178) ~[na:1.7.0_10]
	at java.net.PlainSocketImpl.connect(PlainSocketImpl.java:157) ~[na:1.7.0_10]
	at java.net.SocksSocketImpl.connect(SocksSocketImpl.java:391) ~[na:1.7.0_10]
	at java.net.Socket.connect(Socket.java:579) ~[na:1.7.0_10]
	at sun.security.ssl.SSLSocketImpl.connect(SSLSocketImpl.java:618) ~[na:1.7.0_10]
	at sun.security.ssl.BaseSSLSocketImpl.connect(BaseSSLSocketImpl.java:160) ~[na:1.7.0_10]
	at sun.net.NetworkClient.doConnect(NetworkClient.java:180) ~[na:1.7.0_10]
	at sun.net.www.http.HttpClient.openServer(HttpClient.java:378) ~[na:1.7.0_10]
	at sun.net.www.http.HttpClient.openServer(HttpClient.java:473) ~[na:1.7.0_10]
	at sun.net.www.protocol.https.HttpsClient.<init>(HttpsClient.java:270) ~[na:1.7.0_10]
	at sun.net.www.protocol.https.HttpsClient.New(HttpsClient.java:327) ~[na:1.7.0_10]
	at sun.net.www.protocol.https.AbstractDelegateHttpsURLConnection.getNewHttpClient(AbstractDelegateHttpsURLConnection.java:191) ~[na:1.7.0_10]
	at sun.net.www.protocol.http.HttpURLConnection.plainConnect(HttpURLConnection.java:931) ~[na:1.7.0_10]
	at sun.net.www.protocol.https.AbstractDelegateHttpsURLConnection.connect(AbstractDelegateHttpsURLConnection.java:177) ~[na:1.7.0_10]
	at sun.net.www.protocol.http.HttpURLConnection.getOutputStream(HttpURLConnection.java:1090) ~[na:1.7.0_10]
	at sun.net.www.protocol.https.HttpsURLConnectionImpl.getOutputStream(HttpsURLConnectionImpl.java:250) ~[na:1.7.0_10]
	at com.google.gdata.client.GoogleAuthTokenFactory.makePostRequest(GoogleAuthTokenFactory.java:611) ~[gdata-core-1.0.jar:1.47.1]
	at com.google.gdata.client.GoogleAuthTokenFactory.getAuthToken(GoogleAuthTokenFactory.java:547) ~[gdata-core-1.0.jar:1.47.1]
	... 17 common frames omitted
2013-01-21 10:56:33,016 INFO [main] c.f.t.m.S.i.CalendarServicesImp [CalendarServicesImp.java:140] suppression des calendriers de titre Xavier
2013-01-21 10:56:33,051 ERROR [main] c.f.t.m.S.i.CalendarServicesImp [CalendarServicesImp.java:319] Erreur lors de la recherche du calendrier
java.net.UnknownHostException: www.google.com
	at java.net.AbstractPlainSocketImpl.connect(AbstractPlainSocketImpl.java:178) ~[na:1.7.0_10]
	at java.net.PlainSocketImpl.connect(PlainSocketImpl.java:157) ~[na:1.7.0_10]
	at java.net.SocksSocketImpl.connect(SocksSocketImpl.java:391) ~[na:1.7.0_10]
	at java.net.Socket.connect(Socket.java:579) ~[na:1.7.0_10]
	at sun.security.ssl.SSLSocketImpl.connect(SSLSocketImpl.java:618) ~[na:1.7.0_10]
	at sun.security.ssl.BaseSSLSocketImpl.connect(BaseSSLSocketImpl.java:160) ~[na:1.7.0_10]
	at sun.net.NetworkClient.doConnect(NetworkClient.java:180) ~[na:1.7.0_10]
	at sun.net.www.http.HttpClient.openServer(HttpClient.java:378) ~[na:1.7.0_10]
	at sun.net.www.http.HttpClient.openServer(HttpClient.java:473) ~[na:1.7.0_10]
	at sun.net.www.protocol.https.HttpsClient.<init>(HttpsClient.java:270) ~[na:1.7.0_10]
	at sun.net.www.protocol.https.HttpsClient.New(HttpsClient.java:327) ~[na:1.7.0_10]
	at sun.net.www.protocol.https.AbstractDelegateHttpsURLConnection.getNewHttpClient(AbstractDelegateHttpsURLConnection.java:191) ~[na:1.7.0_10]
	at sun.net.www.protocol.http.HttpURLConnection.plainConnect(HttpURLConnection.java:931) ~[na:1.7.0_10]
	at sun.net.www.protocol.https.AbstractDelegateHttpsURLConnection.connect(AbstractDelegateHttpsURLConnection.java:177) ~[na:1.7.0_10]
	at sun.net.www.protocol.https.HttpsURLConnectionImpl.connect(HttpsURLConnectionImpl.java:153) ~[na:1.7.0_10]
	at com.google.gdata.client.http.HttpGDataRequest.execute(HttpGDataRequest.java:511) ~[gdata-core-1.0.jar:na]
	at com.google.gdata.client.http.GoogleGDataRequest.execute(GoogleGDataRequest.java:536) ~[gdata-core-1.0.jar:na]
	at com.google.gdata.client.Service.getFeed(Service.java:1135) ~[gdata-core-1.0.jar:1.47.1]
	at com.google.gdata.client.Service.getFeed(Service.java:998) ~[gdata-core-1.0.jar:1.47.1]
	at com.google.gdata.client.GoogleService.getFeed(GoogleService.java:645) ~[gdata-core-1.0.jar:1.47.1]
	at com.google.gdata.client.Service.getFeed(Service.java:1017) ~[gdata-core-1.0.jar:1.47.1]
	at com.fabyle.team.managing.Services.imp.CalendarServicesImp.searchCalendar(CalendarServicesImp.java:310) [classes/:na]
	at com.fabyle.team.managing.Services.imp.CalendarServicesImp.deleteCalendar(CalendarServicesImp.java:141) [classes/:na]
	at com.fabyle.team.managing.Services.ICalendarServiceTest.testDeleteCalendar(ICalendarServiceTest.java:49) [classes/:na]
	at sun.reflect.NativeMethodAccessorImpl.invoke0(Native Method) ~[na:1.7.0_10]
	at sun.reflect.NativeMethodAccessorImpl.invoke(NativeMethodAccessorImpl.java:57) ~[na:1.7.0_10]
	at sun.reflect.DelegatingMethodAccessorImpl.invoke(DelegatingMethodAccessorImpl.java:43) ~[na:1.7.0_10]
	at java.lang.reflect.Method.invoke(Method.java:601) ~[na:1.7.0_10]
	at junit.framework.TestCase.runTest(TestCase.java:164) [junit-3.8.2.jar:na]
	at junit.framework.TestCase.runBare(TestCase.java:130) [junit-3.8.2.jar:na]
	at junit.framework.TestResult$1.protect(TestResult.java:106) [junit-3.8.2.jar:na]
	at junit.framework.TestResult.runProtected(TestResult.java:124) [junit-3.8.2.jar:na]
	at junit.framework.TestResult.run(TestResult.java:109) [junit-3.8.2.jar:na]
	at junit.framework.TestCase.run(TestCase.java:120) [junit-3.8.2.jar:na]
	at org.eclipse.jdt.internal.junit.runner.junit3.JUnit3TestReference.run(JUnit3TestReference.java:130) [.cp/:na]
	at org.eclipse.jdt.internal.junit.runner.TestExecution.run(TestExecution.java:38) [.cp/:na]
	at org.eclipse.jdt.internal.junit.runner.RemoteTestRunner.runTests(RemoteTestRunner.java:467) [.cp/:na]
	at org.eclipse.jdt.internal.junit.runner.RemoteTestRunner.runTests(RemoteTestRunner.java:683) [.cp/:na]
	at org.eclipse.jdt.internal.junit.runner.RemoteTestRunner.run(RemoteTestRunner.java:390) [.cp/:na]
	at org.eclipse.jdt.internal.junit.runner.RemoteTestRunner.main(RemoteTestRunner.java:197) [.cp/:na]
2013-01-21 11:06:56,465 INFO [main] c.f.t.m.S.i.CalendarServicesImp [CalendarServicesImp.java:140] suppression des calendriers de titre Xavier
2013-01-21 14:40:44,251 INFO [main] c.f.t.m.S.i.CalendarServicesImp [CalendarServicesImp.java:148] suppression des calendriers de titre Xavier
2013-01-21 14:51:36,364 INFO [main] c.f.t.m.S.i.CalendarServicesImp [CalendarServicesImp.java:148] suppression des calendriers de titre Xavier
2013-01-21 14:53:05,272 INFO [main] c.f.t.m.S.i.CalendarServicesImp [CalendarServicesImp.java:148] suppression des calendriers de titre Xavier
2013-01-21 15:56:33,448 INFO [main] c.f.t.m.S.i.CalendarServicesImp [CalendarServicesImp.java:148] suppression des calendriers de titre Xavier
2013-01-21 16:06:52,156 INFO [main] c.f.t.m.S.i.CalendarServicesImp [CalendarServicesImp.java:148] suppression des calendriers de titre Xavier
2013-01-21 16:07:05,076 INFO [main] c.f.t.m.S.i.CalendarServicesImp [CalendarServicesImp.java:148] suppression des calendriers de titre XRO
2013-01-21 16:07:15,890 INFO [main] c.f.t.m.S.i.CalendarServicesImp [CalendarServicesImp.java:148] suppression des calendriers de titre NMA
2013-01-21 16:07:25,883 INFO [main] c.f.t.m.S.i.CalendarServicesImp [CalendarServicesImp.java:148] suppression des calendriers de titre YBA
2013-01-21 16:28:58,021 INFO [main] c.f.t.m.S.i.CalendarServicesImp [CalendarServicesImp.java:148] suppression des calendriers de titre YBA
2013-01-21 16:29:49,903 INFO [main] c.f.t.m.S.i.CalendarServicesImp [CalendarServicesImp.java:148] suppression des calendriers de titre YBA
2013-01-21 16:30:15,750 INFO [main] c.f.t.m.S.i.CalendarServicesImp [CalendarServicesImp.java:148] suppression des calendriers de titre Xavier
2013-01-21 16:34:17,993 INFO [main] c.f.t.m.S.i.CalendarServicesImp [CalendarServicesImp.java:148] suppression des calendriers de titre Xavier
2013-01-21 16:43:02,019 INFO [main] c.f.t.m.S.i.CalendarServicesImp [CalendarServicesImp.java:148] suppression des calendriers de titre Xavier
2013-01-21 16:49:10,842 INFO [main] c.f.t.m.S.i.CalendarServicesImp [CalendarServicesImp.java:148] suppression des calendriers de titre Xavier
2013-01-21 16:52:37,613 INFO [main] c.f.t.m.S.i.CalendarServicesImp [CalendarServicesImp.java:148] suppression des calendriers de titre Xavier
2013-01-21 17:07:00,052 INFO [main] c.f.t.m.S.i.CalendarServicesImp [CalendarServicesImp.java:148] suppression des calendriers de titre Xavier
2013-01-21 17:11:55,763 INFO [main] c.f.t.m.S.i.CalendarServicesImp [CalendarServicesImp.java:148] suppression des calendriers de titre Xavier
